2019-03-26 23:14:07,629 - utils.py - New Model Id - 3
2019-03-26 23:14:07,629 - utils.py - 
+--------------------------------------------------------------------------+
2019-03-26 23:14:07,629 - utils.py - |    Father Model ID     |                 Added Operation                 |
2019-03-26 23:14:07,629 - utils.py - +--------------------------------------------------------------------------+
2019-03-26 23:14:07,629 - utils.py - |                        |             to_concat_skip_model 0 1            |
2019-03-26 23:14:07,630 - utils.py - |           0            |              to_add_skip_model 19 8             |
2019-03-26 23:14:07,631 - utils.py - +--------------------------------------------------------------------------+
2019-03-26 23:14:18,414 - utils.py - New Model Id - 4
2019-03-26 23:14:18,414 - utils.py - 
+--------------------------------------------------------------------------+
2019-03-26 23:14:18,414 - utils.py - |    Father Model ID     |                 Added Operation                 |
2019-03-26 23:14:18,414 - utils.py - +--------------------------------------------------------------------------+
2019-03-26 23:14:18,414 - utils.py - |                        |              to_add_skip_model 6 7              |
2019-03-26 23:14:18,414 - utils.py - |           0            |              to_add_skip_model 1 10             |
2019-03-26 23:14:18,414 - utils.py - +--------------------------------------------------------------------------+
2019-03-26 23:14:27,903 - utils.py - New Model Id - 5
2019-03-26 23:14:27,903 - utils.py - 
+--------------------------------------------------------------------------+
2019-03-26 23:14:27,903 - utils.py - |    Father Model ID     |                 Added Operation                 |
2019-03-26 23:14:27,903 - utils.py - +--------------------------------------------------------------------------+
2019-03-26 23:14:27,903 - utils.py - |                        |             to_concat_skip_model 4 5            |
2019-03-26 23:14:27,903 - utils.py - |           0            |            to_concat_skip_model 19 9            |
2019-03-26 23:14:27,903 - utils.py - +--------------------------------------------------------------------------+
2019-03-26 23:14:38,085 - utils.py - New Model Id - 6
2019-03-26 23:14:38,085 - utils.py - 
+--------------------------------------------------------------------------+
2019-03-26 23:14:38,085 - utils.py - |    Father Model ID     |                 Added Operation                 |
2019-03-26 23:14:38,085 - utils.py - +--------------------------------------------------------------------------+
2019-03-26 23:14:38,085 - utils.py - |                        |              to_add_skip_model 1 5              |
2019-03-26 23:14:38,085 - utils.py - |           0            |              to_add_skip_model 2 6              |
2019-03-26 23:14:38,086 - utils.py - |                        |              to_add_skip_model 0 9              |
2019-03-26 23:14:38,086 - utils.py - +--------------------------------------------------------------------------+
2019-03-26 23:14:50,125 - utils.py - New Model Id - 7
2019-03-26 23:14:50,125 - utils.py - 
+--------------------------------------------------------------------------+
2019-03-26 23:14:50,125 - utils.py - |    Father Model ID     |                 Added Operation                 |
2019-03-26 23:14:50,125 - utils.py - +--------------------------------------------------------------------------+
2019-03-26 23:14:50,125 - utils.py - |                        |            to_concat_skip_model 6 10            |
2019-03-26 23:14:50,125 - utils.py - |           0            |              to_add_skip_model 0 3              |
2019-03-26 23:14:50,125 - utils.py - +--------------------------------------------------------------------------+
2019-03-26 23:15:01,740 - utils.py - New Model Id - 8
2019-03-26 23:15:01,740 - utils.py - 
+--------------------------------------------------------------------------+
2019-03-26 23:15:01,741 - utils.py - |    Father Model ID     |                 Added Operation                 |
2019-03-26 23:15:01,741 - utils.py - +--------------------------------------------------------------------------+
2019-03-26 23:15:01,741 - utils.py - |                        |            to_concat_skip_model 5 10            |
2019-03-26 23:15:01,741 - utils.py - |           0            |            to_concat_skip_model 2 10            |
2019-03-26 23:15:01,741 - utils.py - +--------------------------------------------------------------------------+
2019-03-26 23:15:12,210 - utils.py - New Model Id - 9
2019-03-26 23:15:12,211 - utils.py - 
+--------------------------------------------------------------------------+
2019-03-26 23:15:12,211 - utils.py - |    Father Model ID     |                 Added Operation                 |
2019-03-26 23:15:12,211 - utils.py - +--------------------------------------------------------------------------+
2019-03-26 23:15:12,211 - utils.py - |                        |              to_add_skip_model 2 3              |
2019-03-26 23:15:12,211 - utils.py - |           0            |              to_add_skip_model 2 4              |
2019-03-26 23:15:12,211 - utils.py - +--------------------------------------------------------------------------+
2019-03-26 23:15:23,753 - utils.py - New Model Id - 10
2019-03-26 23:15:23,753 - utils.py - 
+--------------------------------------------------------------------------+
2019-03-26 23:15:23,753 - utils.py - |    Father Model ID     |                 Added Operation                 |
2019-03-26 23:15:23,753 - utils.py - +--------------------------------------------------------------------------+
2019-03-26 23:15:23,753 - utils.py - |                        |             to_concat_skip_model 5 8            |
2019-03-26 23:15:23,753 - utils.py - |           0            |              to_add_skip_model 4 9              |
2019-03-26 23:15:23,753 - utils.py - |                        |      to_deeper_model 7 Conv1d(64, 64, 1, 1)     |
2019-03-26 23:15:23,753 - utils.py - +--------------------------------------------------------------------------+
2019-03-26 23:15:35,206 - utils.py - New Model Id - 11
2019-03-26 23:15:35,206 - utils.py - 
+--------------------------------------------------------------------------+
2019-03-26 23:15:35,206 - utils.py - |    Father Model ID     |                 Added Operation                 |
2019-03-26 23:15:35,206 - utils.py - +--------------------------------------------------------------------------+
2019-03-26 23:15:35,206 - utils.py - |                        |              to_add_skip_model 5 6              |
2019-03-26 23:15:35,206 - utils.py - |           0            |             to_concat_skip_model 7 8            |
2019-03-26 23:15:35,206 - utils.py - +--------------------------------------------------------------------------+
2019-03-26 23:15:46,351 - utils.py - New Model Id - 12
2019-03-26 23:15:46,351 - utils.py - 
+--------------------------------------------------------------------------+
2019-03-26 23:15:46,351 - utils.py - |    Father Model ID     |                 Added Operation                 |
2019-03-26 23:15:46,351 - utils.py - +--------------------------------------------------------------------------+
2019-03-26 23:15:46,351 - utils.py - |                        |              to_add_skip_model 1 3              |
2019-03-26 23:15:46,351 - utils.py - |           0            |             to_concat_skip_model 5 7            |
2019-03-26 23:15:46,351 - utils.py - |                        |              to_add_skip_model 24 8             |
2019-03-26 23:15:46,351 - utils.py - +--------------------------------------------------------------------------+
2019-03-26 23:15:58,715 - utils.py - New Model Id - 13
2019-03-26 23:15:58,715 - utils.py - 
+--------------------------------------------------------------------------+
2019-03-26 23:15:58,715 - utils.py - |    Father Model ID     |                 Added Operation                 |
2019-03-26 23:15:58,715 - utils.py - +--------------------------------------------------------------------------+
2019-03-26 23:15:58,716 - utils.py - |                        |             to_concat_skip_model 4 7            |
2019-03-26 23:15:58,716 - utils.py - |           0            |            to_concat_skip_model 0 20            |
2019-03-26 23:15:58,716 - utils.py - |                        |             to_concat_skip_model 0 8            |
2019-03-26 23:15:58,716 - utils.py - +--------------------------------------------------------------------------+
2019-03-26 23:16:08,605 - utils.py - New Model Id - 14
2019-03-26 23:16:08,605 - utils.py - 
+--------------------------------------------------------------------------+
2019-03-26 23:16:08,605 - utils.py - |    Father Model ID     |                 Added Operation                 |
2019-03-26 23:16:08,605 - utils.py - +--------------------------------------------------------------------------+
2019-03-26 23:16:08,605 - utils.py - |                        |             to_concat_skip_model 6 8            |
2019-03-26 23:16:08,605 - utils.py - |           0            |              to_add_skip_model 2 4              |
2019-03-26 23:16:08,605 - utils.py - |                        |            to_concat_skip_model 23 10           |
2019-03-26 23:16:08,605 - utils.py - +--------------------------------------------------------------------------+
2019-03-26 23:16:19,350 - utils.py - New Model Id - 15
2019-03-26 23:16:19,350 - utils.py - 
+--------------------------------------------------------------------------+
2019-03-26 23:16:19,351 - utils.py - |    Father Model ID     |                 Added Operation                 |
2019-03-26 23:16:19,351 - utils.py - +--------------------------------------------------------------------------+
2019-03-26 23:16:19,351 - utils.py - |                        |             to_concat_skip_model 3 6            |
2019-03-26 23:16:19,351 - utils.py - |           0            |              to_add_skip_model 2 7              |
2019-03-26 23:16:19,351 - utils.py - |                        |      to_deeper_model 0 BatchNormalization1d     |
2019-03-26 23:16:19,351 - utils.py - +--------------------------------------------------------------------------+
2019-03-26 23:16:30,791 - utils.py - New Model Id - 16
2019-03-26 23:16:30,792 - utils.py - 
+--------------------------------------------------------------------------+
2019-03-26 23:16:30,792 - utils.py - |    Father Model ID     |                 Added Operation                 |
2019-03-26 23:16:30,792 - utils.py - +--------------------------------------------------------------------------+
2019-03-26 23:16:30,792 - utils.py - |                        |              to_add_skip_model 6 9              |
2019-03-26 23:16:30,792 - utils.py - |           0            |              to_add_skip_model 4 6              |
2019-03-26 23:16:30,792 - utils.py - |                        |             to_concat_skip_model 1 2            |
2019-03-26 23:16:30,792 - utils.py - +--------------------------------------------------------------------------+
2019-03-26 23:16:42,555 - utils.py - New Model Id - 17
2019-03-26 23:16:42,555 - utils.py - 
+--------------------------------------------------------------------------+
2019-03-26 23:16:42,556 - utils.py - |    Father Model ID     |                 Added Operation                 |
2019-03-26 23:16:42,556 - utils.py - +--------------------------------------------------------------------------+
2019-03-26 23:16:42,556 - utils.py - |                        |             to_concat_skip_model 4 5            |
2019-03-26 23:16:42,556 - utils.py - |                        |      to_deeper_model 0 BatchNormalization1d     |
2019-03-26 23:16:42,556 - utils.py - |           0            |              to_deeper_model 2 ReLU             |
2019-03-26 23:16:42,556 - utils.py - |                        |             to_concat_skip_model 2 6            |
2019-03-26 23:16:42,556 - utils.py - +--------------------------------------------------------------------------+
2019-03-26 23:16:52,776 - utils.py - New Model Id - 18
2019-03-26 23:16:52,776 - utils.py - 
+--------------------------------------------------------------------------+
2019-03-26 23:16:52,776 - utils.py - |    Father Model ID     |                 Added Operation                 |
2019-03-26 23:16:52,776 - utils.py - +--------------------------------------------------------------------------+
2019-03-26 23:16:52,776 - utils.py - |                        |              to_add_skip_model 3 5              |
2019-03-26 23:16:52,776 - utils.py - |                        |             to_concat_skip_model 6 7            |
2019-03-26 23:16:52,776 - utils.py - |           0            |              to_add_skip_model 6 23             |
2019-03-26 23:16:52,777 - utils.py - |                        |            to_concat_skip_model 0 23            |
2019-03-26 23:16:52,777 - utils.py - +--------------------------------------------------------------------------+
2019-03-26 23:17:05,138 - utils.py - New Model Id - 19
2019-03-26 23:17:05,138 - utils.py - 
+--------------------------------------------------------------------------+
2019-03-26 23:17:05,138 - utils.py - |    Father Model ID     |                 Added Operation                 |
2019-03-26 23:17:05,138 - utils.py - +--------------------------------------------------------------------------+
2019-03-26 23:17:05,138 - utils.py - |                        |              to_add_skip_model 4 5              |
2019-03-26 23:17:05,138 - utils.py - |           0            |             to_concat_skip_model 2 4            |
2019-03-26 23:17:05,138 - utils.py - |                        |            to_concat_skip_model 23 10           |
2019-03-26 23:17:05,138 - utils.py - +--------------------------------------------------------------------------+
2019-03-26 23:17:18,814 - utils.py - New Model Id - 20
2019-03-26 23:17:18,814 - utils.py - 
+--------------------------------------------------------------------------+
2019-03-26 23:17:18,814 - utils.py - |    Father Model ID     |                 Added Operation                 |
2019-03-26 23:17:18,814 - utils.py - +--------------------------------------------------------------------------+
2019-03-26 23:17:18,814 - utils.py - |                        |              to_add_skip_model 0 8              |
2019-03-26 23:17:18,814 - utils.py - |           0            |             to_concat_skip_model 1 9            |
2019-03-26 23:17:18,814 - utils.py - |                        |              to_add_skip_model 1 2              |
2019-03-26 23:17:18,814 - utils.py - +--------------------------------------------------------------------------+
2019-03-26 23:17:33,286 - utils.py - New Model Id - 21
2019-03-26 23:17:33,286 - utils.py - 
+--------------------------------------------------------------------------+
2019-03-26 23:17:33,286 - utils.py - |    Father Model ID     |                 Added Operation                 |
2019-03-26 23:17:33,286 - utils.py - +--------------------------------------------------------------------------+
2019-03-26 23:17:33,286 - utils.py - |                        |             to_concat_skip_model 2 7            |
2019-03-26 23:17:33,286 - utils.py - |           0            |             to_concat_skip_model 0 5            |
2019-03-26 23:17:33,287 - utils.py - |                        |      to_deeper_model 4 BatchNormalization1d     |
2019-03-26 23:17:33,287 - utils.py - +--------------------------------------------------------------------------+
2019-03-26 23:17:42,464 - utils.py - New Model Id - 22
2019-03-26 23:17:42,464 - utils.py - 
+--------------------------------------------------------------------------+
2019-03-26 23:17:42,464 - utils.py - |    Father Model ID     |                 Added Operation                 |
2019-03-26 23:17:42,464 - utils.py - +--------------------------------------------------------------------------+
2019-03-26 23:17:42,464 - utils.py - |                        |             to_concat_skip_model 2 5            |
2019-03-26 23:17:42,464 - utils.py - |                        |              to_add_skip_model 4 10             |
2019-03-26 23:17:42,464 - utils.py - |           0            |              to_add_skip_model 3 8              |
2019-03-26 23:17:42,464 - utils.py - |                        |               to_wider_model 6 64               |
2019-03-26 23:17:42,464 - utils.py - +--------------------------------------------------------------------------+
2019-03-26 23:17:56,047 - utils.py - New Model Id - 23
2019-03-26 23:17:56,047 - utils.py - 
+--------------------------------------------------------------------------+
2019-03-26 23:17:56,047 - utils.py - |    Father Model ID     |                 Added Operation                 |
2019-03-26 23:17:56,047 - utils.py - +--------------------------------------------------------------------------+
2019-03-26 23:17:56,047 - utils.py - |                        |              to_add_skip_model 4 6              |
2019-03-26 23:17:56,047 - utils.py - |                        |             to_concat_skip_model 1 4            |
2019-03-26 23:17:56,047 - utils.py - |           0            |      to_deeper_model 3 Conv1d(64, 64, 5, 1)     |
2019-03-26 23:17:56,047 - utils.py - |                        |       to_deeper_model 0 Conv1d(5, 5, 3, 1)      |
2019-03-26 23:17:56,047 - utils.py - +--------------------------------------------------------------------------+
2019-03-26 23:18:06,947 - utils.py - New Model Id - 24
2019-03-26 23:18:06,947 - utils.py - 
+--------------------------------------------------------------------------+
2019-03-26 23:18:06,947 - utils.py - |    Father Model ID     |                 Added Operation                 |
2019-03-26 23:18:06,947 - utils.py - +--------------------------------------------------------------------------+
2019-03-26 23:18:06,947 - utils.py - |                        |             to_concat_skip_model 0 8            |
2019-03-26 23:18:06,947 - utils.py - |           0            |             to_concat_skip_model 1 4            |
2019-03-26 23:18:06,947 - utils.py - |                        |              to_add_skip_model 25 8             |
2019-03-26 23:18:06,947 - utils.py - +--------------------------------------------------------------------------+
2019-03-26 23:18:18,094 - utils.py - New Model Id - 25
2019-03-26 23:18:18,094 - utils.py - 
+--------------------------------------------------------------------------+
2019-03-26 23:18:18,094 - utils.py - |    Father Model ID     |                 Added Operation                 |
2019-03-26 23:18:18,094 - utils.py - +--------------------------------------------------------------------------+
2019-03-26 23:18:18,094 - utils.py - |                        |             to_concat_skip_model 2 9            |
2019-03-26 23:18:18,094 - utils.py - |                        |              to_add_skip_model 3 5              |
2019-03-26 23:18:18,094 - utils.py - |           0            |              to_add_skip_model 1 3              |
2019-03-26 23:18:18,094 - utils.py - |                        |       to_deeper_model 0 Conv1d(5, 5, 3, 1)      |
2019-03-26 23:18:18,094 - utils.py - +--------------------------------------------------------------------------+
2019-03-26 23:18:31,596 - utils.py - New Model Id - 26
2019-03-26 23:18:31,596 - utils.py - 
+--------------------------------------------------------------------------+
2019-03-26 23:18:31,596 - utils.py - |    Father Model ID     |                 Added Operation                 |
2019-03-26 23:18:31,596 - utils.py - +--------------------------------------------------------------------------+
2019-03-26 23:18:31,596 - utils.py - |                        |             to_concat_skip_model 1 7            |
2019-03-26 23:18:31,596 - utils.py - |           0            |      to_deeper_model 2 BatchNormalization1d     |
2019-03-26 23:18:31,596 - utils.py - |                        |              to_add_skip_model 7 8              |
2019-03-26 23:18:31,596 - utils.py - +--------------------------------------------------------------------------+
2019-03-26 23:18:45,025 - utils.py - New Model Id - 27
2019-03-26 23:18:45,025 - utils.py - 
+--------------------------------------------------------------------------+
2019-03-26 23:18:45,025 - utils.py - |    Father Model ID     |                 Added Operation                 |
2019-03-26 23:18:45,025 - utils.py - +--------------------------------------------------------------------------+
2019-03-26 23:18:45,025 - utils.py - |                        |              to_add_skip_model 1 8              |
2019-03-26 23:18:45,025 - utils.py - |           0            |              to_add_skip_model 4 5              |
2019-03-26 23:18:45,025 - utils.py - |                        |              to_add_skip_model 4 7              |
2019-03-26 23:18:45,025 - utils.py - +--------------------------------------------------------------------------+
2019-03-26 23:18:56,806 - utils.py - New Model Id - 28
2019-03-26 23:18:56,806 - utils.py - 
+--------------------------------------------------------------------------+
2019-03-26 23:18:56,806 - utils.py - |    Father Model ID     |                 Added Operation                 |
2019-03-26 23:18:56,806 - utils.py - +--------------------------------------------------------------------------+
2019-03-26 23:18:56,806 - utils.py - |                        |              to_add_skip_model 8 9              |
2019-03-26 23:18:56,806 - utils.py - |           0            |              to_add_skip_model 0 2              |
2019-03-26 23:18:56,806 - utils.py - |                        |     to_deeper_model 10 Conv1d(64, 64, 5, 1)     |
2019-03-26 23:18:56,806 - utils.py - +--------------------------------------------------------------------------+
2019-03-26 23:19:07,276 - utils.py - New Model Id - 29
2019-03-26 23:19:07,276 - utils.py - 
+--------------------------------------------------------------------------+
2019-03-26 23:19:07,276 - utils.py - |    Father Model ID     |                 Added Operation                 |
2019-03-26 23:19:07,276 - utils.py - +--------------------------------------------------------------------------+
2019-03-26 23:19:07,276 - utils.py - |                        |              to_add_skip_model 3 5              |
2019-03-26 23:19:07,276 - utils.py - |                        |             to_concat_skip_model 0 9            |
2019-03-26 23:19:07,276 - utils.py - |           0            |      to_deeper_model 8 Conv1d(64, 64, 1, 1)     |
2019-03-26 23:19:07,276 - utils.py - |                        |     to_deeper_model 11 BatchNormalization1d     |
2019-03-26 23:19:07,276 - utils.py - +--------------------------------------------------------------------------+
2019-03-26 23:19:17,396 - utils.py - New Model Id - 30
2019-03-26 23:19:17,396 - utils.py - 
+--------------------------------------------------------------------------+
2019-03-26 23:19:17,396 - utils.py - |    Father Model ID     |                 Added Operation                 |
2019-03-26 23:19:17,396 - utils.py - +--------------------------------------------------------------------------+
2019-03-26 23:19:17,396 - utils.py - |                        |              to_add_skip_model 0 2              |
2019-03-26 23:19:17,396 - utils.py - |           0            |              to_add_skip_model 0 4              |
2019-03-26 23:19:17,397 - utils.py - |                        |            to_concat_skip_model 18 5            |
2019-03-26 23:19:17,397 - utils.py - +--------------------------------------------------------------------------+
2019-03-26 23:19:30,314 - utils.py - New Model Id - 31
2019-03-26 23:19:30,314 - utils.py - 
+--------------------------------------------------------------------------+
2019-03-26 23:19:30,314 - utils.py - |    Father Model ID     |                 Added Operation                 |
2019-03-26 23:19:30,314 - utils.py - +--------------------------------------------------------------------------+
2019-03-26 23:19:30,314 - utils.py - |                        |              to_add_skip_model 5 8              |
2019-03-26 23:19:30,314 - utils.py - |           0            |            to_concat_skip_model 17 10           |
2019-03-26 23:19:30,314 - utils.py - |                        |              to_deeper_model 2 ReLU             |
2019-03-26 23:19:30,315 - utils.py - +--------------------------------------------------------------------------+
2019-03-26 23:19:39,263 - utils.py - New Model Id - 32
2019-03-26 23:19:39,263 - utils.py - 
+--------------------------------------------------------------------------+
2019-03-26 23:19:39,263 - utils.py - |    Father Model ID     |                 Added Operation                 |
2019-03-26 23:19:39,263 - utils.py - +--------------------------------------------------------------------------+
2019-03-26 23:19:39,263 - utils.py - |                        |              to_add_skip_model 4 6              |
2019-03-26 23:19:39,263 - utils.py - |           0            |              to_add_skip_model 9 10             |
2019-03-26 23:19:39,263 - utils.py - +--------------------------------------------------------------------------+
2019-03-26 23:19:50,287 - utils.py - New Model Id - 33
2019-03-26 23:19:50,287 - utils.py - 
+--------------------------------------------------------------------------+
2019-03-26 23:19:50,287 - utils.py - |    Father Model ID     |                 Added Operation                 |
2019-03-26 23:19:50,287 - utils.py - +--------------------------------------------------------------------------+
2019-03-26 23:19:50,287 - utils.py - |                        |            to_concat_skip_model 4 10            |
2019-03-26 23:19:50,287 - utils.py - |                        |             to_concat_skip_model 2 6            |
2019-03-26 23:19:50,287 - utils.py - |           0            |              to_add_skip_model 3 20             |
2019-03-26 23:19:50,287 - utils.py - |                        |             to_concat_skip_model 2 9            |
2019-03-26 23:19:50,287 - utils.py - +--------------------------------------------------------------------------+
2019-03-26 23:20:00,549 - utils.py - New Model Id - 34
2019-03-26 23:20:00,549 - utils.py - 
+--------------------------------------------------------------------------+
2019-03-26 23:20:00,549 - utils.py - |    Father Model ID     |                 Added Operation                 |
2019-03-26 23:20:00,549 - utils.py - +--------------------------------------------------------------------------+
2019-03-26 23:20:00,550 - utils.py - |                        |              to_add_skip_model 0 2              |
2019-03-26 23:20:00,550 - utils.py - |                        |     to_deeper_model 11 BatchNormalization1d     |
2019-03-26 23:20:00,550 - utils.py - |           0            |             to_concat_skip_model 4 7            |
2019-03-26 23:20:00,550 - utils.py - |                        |             to_concat_skip_model 6 9            |
2019-03-26 23:20:00,550 - utils.py - +--------------------------------------------------------------------------+
2019-03-26 23:20:14,621 - utils.py - New Model Id - 35
2019-03-26 23:20:14,621 - utils.py - 
+--------------------------------------------------------------------------+
2019-03-26 23:20:14,621 - utils.py - |    Father Model ID     |                 Added Operation                 |
2019-03-26 23:20:14,621 - utils.py - +--------------------------------------------------------------------------+
2019-03-26 23:20:14,621 - utils.py - |                        |            to_concat_skip_model 4 10            |
2019-03-26 23:20:14,621 - utils.py - |                        |              to_add_skip_model 1 6              |
2019-03-26 23:20:14,621 - utils.py - |           0            |              to_deeper_model 2 ReLU             |
2019-03-26 23:20:14,621 - utils.py - |                        |             to_concat_skip_model 1 7            |
2019-03-26 23:20:14,621 - utils.py - +--------------------------------------------------------------------------+
2019-03-26 23:20:27,744 - utils.py - New Model Id - 36
2019-03-26 23:20:27,744 - utils.py - 
+--------------------------------------------------------------------------+
2019-03-26 23:20:27,744 - utils.py - |    Father Model ID     |                 Added Operation                 |
2019-03-26 23:20:27,744 - utils.py - +--------------------------------------------------------------------------+
2019-03-26 23:20:27,744 - utils.py - |                        |             to_concat_skip_model 5 9            |
2019-03-26 23:20:27,744 - utils.py - |           0            |             to_concat_skip_model 0 3            |
2019-03-26 23:20:27,744 - utils.py - |                        |              to_add_skip_model 4 10             |
2019-03-26 23:20:27,744 - utils.py - +--------------------------------------------------------------------------+
2019-03-26 23:20:40,564 - utils.py - New Model Id - 37
2019-03-26 23:20:40,564 - utils.py - 
+--------------------------------------------------------------------------+
2019-03-26 23:20:40,564 - utils.py - |    Father Model ID     |                 Added Operation                 |
2019-03-26 23:20:40,564 - utils.py - +--------------------------------------------------------------------------+
2019-03-26 23:20:40,564 - utils.py - |                        |             to_concat_skip_model 0 8            |
2019-03-26 23:20:40,564 - utils.py - |                        |              to_deeper_model 9 ReLU             |
2019-03-26 23:20:40,564 - utils.py - |           0            |      to_deeper_model 7 Conv1d(64, 64, 3, 1)     |
2019-03-26 23:20:40,565 - utils.py - |                        |               to_wider_model 21 64              |
2019-03-26 23:20:40,565 - utils.py - |                        |              to_add_skip_model 2 22             |
2019-03-26 23:20:40,565 - utils.py - +--------------------------------------------------------------------------+
2019-03-26 23:20:50,843 - utils.py - New Model Id - 38
2019-03-26 23:20:50,843 - utils.py - 
+--------------------------------------------------------------------------+
2019-03-26 23:20:50,843 - utils.py - |    Father Model ID     |                 Added Operation                 |
2019-03-26 23:20:50,844 - utils.py - +--------------------------------------------------------------------------+
2019-03-26 23:20:50,844 - utils.py - |                        |              to_add_skip_model 7 9              |
2019-03-26 23:20:50,844 - utils.py - |                        |              to_deeper_model 1 ReLU             |
2019-03-26 23:20:50,844 - utils.py - |           0            |     to_deeper_model 11 BatchNormalization1d     |
2019-03-26 23:20:50,844 - utils.py - |                        |     to_deeper_model 21 Conv1d(64, 64, 3, 1)     |
2019-03-26 23:20:50,844 - utils.py - +--------------------------------------------------------------------------+
2019-03-26 23:21:01,514 - utils.py - New Model Id - 39
2019-03-26 23:21:01,514 - utils.py - 
+--------------------------------------------------------------------------+
2019-03-26 23:21:01,514 - utils.py - |    Father Model ID     |                 Added Operation                 |
2019-03-26 23:21:01,514 - utils.py - +--------------------------------------------------------------------------+
2019-03-26 23:21:01,514 - utils.py - |                        |              to_add_skip_model 2 10             |
2019-03-26 23:21:01,514 - utils.py - |           0            |             to_concat_skip_model 4 8            |
2019-03-26 23:21:01,514 - utils.py - +--------------------------------------------------------------------------+
2019-03-26 23:21:11,141 - utils.py - New Model Id - 40
2019-03-26 23:21:11,141 - utils.py - 
+--------------------------------------------------------------------------+
2019-03-26 23:21:11,141 - utils.py - |    Father Model ID     |                 Added Operation                 |
2019-03-26 23:21:11,141 - utils.py - +--------------------------------------------------------------------------+
2019-03-26 23:21:11,141 - utils.py - |                        |             to_concat_skip_model 1 9            |
2019-03-26 23:21:11,141 - utils.py - |                        |              to_add_skip_model 0 2              |
2019-03-26 23:21:11,141 - utils.py - |           0            |              to_deeper_model 5 ReLU             |
2019-03-26 23:21:11,141 - utils.py - |                        |      to_deeper_model 22 Conv1d(5, 5, 5, 1)      |
2019-03-26 23:21:11,142 - utils.py - +--------------------------------------------------------------------------+
