2019-03-26 22:56:24,638 - utils.py - New Model Id - 3
2019-03-26 22:56:24,639 - utils.py - 
+--------------------------------------------------------------------------+
2019-03-26 22:56:24,639 - utils.py - |    Father Model ID     |                 Added Operation                 |
2019-03-26 22:56:24,639 - utils.py - +--------------------------------------------------------------------------+
2019-03-26 22:56:24,639 - utils.py - |                        |             to_concat_skip_model 4 5            |
2019-03-26 22:56:24,639 - utils.py - |           0            |      to_deeper_model 8 BatchNormalization1d     |
2019-03-26 22:56:24,643 - utils.py - |                        |              to_deeper_model 9 ReLU             |
2019-03-26 22:56:24,643 - utils.py - +--------------------------------------------------------------------------+
2019-03-26 22:56:36,483 - utils.py - New Model Id - 4
2019-03-26 22:56:36,483 - utils.py - 
+--------------------------------------------------------------------------+
2019-03-26 22:56:36,483 - utils.py - |    Father Model ID     |                 Added Operation                 |
2019-03-26 22:56:36,483 - utils.py - +--------------------------------------------------------------------------+
2019-03-26 22:56:36,483 - utils.py - |                        |              to_add_skip_model 7 8              |
2019-03-26 22:56:36,483 - utils.py - |           0            |            to_concat_skip_model 5 10            |
2019-03-26 22:56:36,483 - utils.py - +--------------------------------------------------------------------------+
2019-03-26 22:56:47,665 - utils.py - New Model Id - 5
2019-03-26 22:56:47,665 - utils.py - 
+--------------------------------------------------------------------------+
2019-03-26 22:56:47,665 - utils.py - |    Father Model ID     |                 Added Operation                 |
2019-03-26 22:56:47,665 - utils.py - +--------------------------------------------------------------------------+
2019-03-26 22:56:47,665 - utils.py - |                        |             to_concat_skip_model 1 6            |
2019-03-26 22:56:47,665 - utils.py - |           0            |              to_add_skip_model 7 9              |
2019-03-26 22:56:47,665 - utils.py - +--------------------------------------------------------------------------+
2019-03-26 22:56:59,521 - utils.py - New Model Id - 6
2019-03-26 22:56:59,521 - utils.py - 
+--------------------------------------------------------------------------+
2019-03-26 22:56:59,521 - utils.py - |    Father Model ID     |                 Added Operation                 |
2019-03-26 22:56:59,521 - utils.py - +--------------------------------------------------------------------------+
2019-03-26 22:56:59,521 - utils.py - |                        |              to_add_skip_model 0 1              |
2019-03-26 22:56:59,521 - utils.py - |           0            |            to_concat_skip_model 7 10            |
2019-03-26 22:56:59,521 - utils.py - +--------------------------------------------------------------------------+
2019-03-26 22:57:10,071 - utils.py - New Model Id - 7
2019-03-26 22:57:10,071 - utils.py - 
+--------------------------------------------------------------------------+
2019-03-26 22:57:10,071 - utils.py - |    Father Model ID     |                 Added Operation                 |
2019-03-26 22:57:10,071 - utils.py - +--------------------------------------------------------------------------+
2019-03-26 22:57:10,071 - utils.py - |                        |              to_add_skip_model 5 8              |
2019-03-26 22:57:10,071 - utils.py - |           0            |     to_deeper_model 17 BatchNormalization1d     |
2019-03-26 22:57:10,071 - utils.py - |                        |              to_add_skip_model 0 18             |
2019-03-26 22:57:10,071 - utils.py - +--------------------------------------------------------------------------+
2019-03-26 22:57:21,404 - utils.py - New Model Id - 8
2019-03-26 22:57:21,404 - utils.py - 
+--------------------------------------------------------------------------+
2019-03-26 22:57:21,404 - utils.py - |    Father Model ID     |                 Added Operation                 |
2019-03-26 22:57:21,404 - utils.py - +--------------------------------------------------------------------------+
2019-03-26 22:57:21,404 - utils.py - |                        |             to_concat_skip_model 0 6            |
2019-03-26 22:57:21,404 - utils.py - |                        |      to_deeper_model 5 Conv1d(64, 64, 5, 1)     |
2019-03-26 22:57:21,404 - utils.py - |           0            |              to_add_skip_model 4 7              |
2019-03-26 22:57:21,404 - utils.py - |                        |              to_add_skip_model 1 21             |
2019-03-26 22:57:21,404 - utils.py - +--------------------------------------------------------------------------+
2019-03-26 22:57:33,484 - utils.py - New Model Id - 9
2019-03-26 22:57:33,484 - utils.py - 
+--------------------------------------------------------------------------+
2019-03-26 22:57:33,484 - utils.py - |    Father Model ID     |                 Added Operation                 |
2019-03-26 22:57:33,484 - utils.py - +--------------------------------------------------------------------------+
2019-03-26 22:57:33,484 - utils.py - |                        |              to_add_skip_model 4 7              |
2019-03-26 22:57:33,484 - utils.py - |           0            |            to_concat_skip_model 19 8            |
2019-03-26 22:57:33,484 - utils.py - +--------------------------------------------------------------------------+
2019-03-26 22:57:46,473 - utils.py - New Model Id - 10
2019-03-26 22:57:46,473 - utils.py - 
+--------------------------------------------------------------------------+
2019-03-26 22:57:46,473 - utils.py - |    Father Model ID     |                 Added Operation                 |
2019-03-26 22:57:46,474 - utils.py - +--------------------------------------------------------------------------+
2019-03-26 22:57:46,474 - utils.py - |                        |              to_add_skip_model 1 6              |
2019-03-26 22:57:46,474 - utils.py - |           0            |              to_add_skip_model 1 5              |
2019-03-26 22:57:46,474 - utils.py - |                        |             to_concat_skip_model 2 9            |
2019-03-26 22:57:46,474 - utils.py - +--------------------------------------------------------------------------+
2019-03-26 22:57:58,588 - utils.py - New Model Id - 11
2019-03-26 22:57:58,588 - utils.py - 
+--------------------------------------------------------------------------+
2019-03-26 22:57:58,588 - utils.py - |    Father Model ID     |                 Added Operation                 |
2019-03-26 22:57:58,588 - utils.py - +--------------------------------------------------------------------------+
2019-03-26 22:57:58,588 - utils.py - |                        |             to_concat_skip_model 2 3            |
2019-03-26 22:57:58,588 - utils.py - |           0            |             to_add_skip_model 17 10             |
2019-03-26 22:57:58,588 - utils.py - +--------------------------------------------------------------------------+
2019-03-26 22:58:10,756 - utils.py - New Model Id - 12
2019-03-26 22:58:10,756 - utils.py - 
+--------------------------------------------------------------------------+
2019-03-26 22:58:10,756 - utils.py - |    Father Model ID     |                 Added Operation                 |
2019-03-26 22:58:10,756 - utils.py - +--------------------------------------------------------------------------+
2019-03-26 22:58:10,756 - utils.py - |                        |             to_concat_skip_model 1 2            |
2019-03-26 22:58:10,756 - utils.py - |           0            |             to_concat_skip_model 6 9            |
2019-03-26 22:58:10,756 - utils.py - +--------------------------------------------------------------------------+
2019-03-26 22:58:23,386 - utils.py - New Model Id - 13
2019-03-26 22:58:23,387 - utils.py - 
+--------------------------------------------------------------------------+
2019-03-26 22:58:23,387 - utils.py - |    Father Model ID     |                 Added Operation                 |
2019-03-26 22:58:23,387 - utils.py - +--------------------------------------------------------------------------+
2019-03-26 22:58:23,387 - utils.py - |                        |              to_add_skip_model 4 7              |
2019-03-26 22:58:23,387 - utils.py - |           0            |             to_concat_skip_model 0 3            |
2019-03-26 22:58:23,387 - utils.py - |                        |            to_concat_skip_model 24 4            |
2019-03-26 22:58:23,387 - utils.py - +--------------------------------------------------------------------------+
2019-03-26 22:58:34,396 - utils.py - New Model Id - 14
2019-03-26 22:58:34,397 - utils.py - 
+--------------------------------------------------------------------------+
2019-03-26 22:58:34,397 - utils.py - |    Father Model ID     |                 Added Operation                 |
2019-03-26 22:58:34,397 - utils.py - +--------------------------------------------------------------------------+
2019-03-26 22:58:34,397 - utils.py - |                        |              to_add_skip_model 2 3              |
2019-03-26 22:58:34,397 - utils.py - |           0            |             to_concat_skip_model 1 9            |
2019-03-26 22:58:34,397 - utils.py - |                        |             to_deeper_model 25 ReLU             |
2019-03-26 22:58:34,397 - utils.py - +--------------------------------------------------------------------------+
2019-03-26 22:58:45,733 - utils.py - New Model Id - 15
2019-03-26 22:58:45,734 - utils.py - 
+--------------------------------------------------------------------------+
2019-03-26 22:58:45,734 - utils.py - |    Father Model ID     |                 Added Operation                 |
2019-03-26 22:58:45,734 - utils.py - +--------------------------------------------------------------------------+
2019-03-26 22:58:45,734 - utils.py - |                        |              to_add_skip_model 1 2              |
2019-03-26 22:58:45,734 - utils.py - |           0            |             to_concat_skip_model 3 5            |
2019-03-26 22:58:45,734 - utils.py - +--------------------------------------------------------------------------+
2019-03-26 22:58:56,984 - utils.py - New Model Id - 16
2019-03-26 22:58:56,984 - utils.py - 
+--------------------------------------------------------------------------+
2019-03-26 22:58:56,984 - utils.py - |    Father Model ID     |                 Added Operation                 |
2019-03-26 22:58:56,984 - utils.py - +--------------------------------------------------------------------------+
2019-03-26 22:58:56,984 - utils.py - |                        |             to_concat_skip_model 2 9            |
2019-03-26 22:58:56,984 - utils.py - |                        |              to_add_skip_model 9 21             |
2019-03-26 22:58:56,984 - utils.py - |           0            |      to_deeper_model 9 Conv1d(64, 64, 1, 1)     |
2019-03-26 22:58:56,984 - utils.py - |                        |              to_deeper_model 3 ReLU             |
2019-03-26 22:58:56,984 - utils.py - +--------------------------------------------------------------------------+
2019-03-26 22:59:08,772 - utils.py - New Model Id - 17
2019-03-26 22:59:08,772 - utils.py - 
+--------------------------------------------------------------------------+
2019-03-26 22:59:08,772 - utils.py - |    Father Model ID     |                 Added Operation                 |
2019-03-26 22:59:08,772 - utils.py - +--------------------------------------------------------------------------+
2019-03-26 22:59:08,772 - utils.py - |                        |             to_concat_skip_model 2 7            |
2019-03-26 22:59:08,773 - utils.py - |           0            |             to_concat_skip_model 3 7            |
2019-03-26 22:59:08,773 - utils.py - +--------------------------------------------------------------------------+
2019-03-26 22:59:21,427 - utils.py - New Model Id - 18
2019-03-26 22:59:21,427 - utils.py - 
+--------------------------------------------------------------------------+
2019-03-26 22:59:21,427 - utils.py - |    Father Model ID     |                 Added Operation                 |
2019-03-26 22:59:21,427 - utils.py - +--------------------------------------------------------------------------+
2019-03-26 22:59:21,427 - utils.py - |                        |              to_add_skip_model 4 6              |
2019-03-26 22:59:21,427 - utils.py - |           0            |             to_concat_skip_model 0 1            |
2019-03-26 22:59:21,427 - utils.py - +--------------------------------------------------------------------------+
2019-03-26 22:59:31,821 - utils.py - New Model Id - 19
2019-03-26 22:59:31,821 - utils.py - 
+--------------------------------------------------------------------------+
2019-03-26 22:59:31,821 - utils.py - |    Father Model ID     |                 Added Operation                 |
2019-03-26 22:59:31,821 - utils.py - +--------------------------------------------------------------------------+
2019-03-26 22:59:31,821 - utils.py - |                        |              to_add_skip_model 6 8              |
2019-03-26 22:59:31,821 - utils.py - |           0            |             to_concat_skip_model 0 9            |
2019-03-26 22:59:31,821 - utils.py - +--------------------------------------------------------------------------+
2019-03-26 22:59:42,616 - utils.py - New Model Id - 20
2019-03-26 22:59:42,616 - utils.py - 
+--------------------------------------------------------------------------+
2019-03-26 22:59:42,616 - utils.py - |    Father Model ID     |                 Added Operation                 |
2019-03-26 22:59:42,616 - utils.py - +--------------------------------------------------------------------------+
2019-03-26 22:59:42,616 - utils.py - |                        |             to_concat_skip_model 5 6            |
2019-03-26 22:59:42,616 - utils.py - |                        |              to_add_skip_model 2 17             |
2019-03-26 22:59:42,616 - utils.py - |           0            |     to_deeper_model 17 BatchNormalization1d     |
2019-03-26 22:59:42,616 - utils.py - |                        |             to_concat_skip_model 4 8            |
2019-03-26 22:59:42,616 - utils.py - +--------------------------------------------------------------------------+
2019-03-26 22:59:54,667 - utils.py - New Model Id - 21
2019-03-26 22:59:54,667 - utils.py - 
+--------------------------------------------------------------------------+
2019-03-26 22:59:54,667 - utils.py - |    Father Model ID     |                 Added Operation                 |
2019-03-26 22:59:54,668 - utils.py - +--------------------------------------------------------------------------+
2019-03-26 22:59:54,668 - utils.py - |                        |              to_add_skip_model 1 3              |
2019-03-26 22:59:54,668 - utils.py - |           0            |              to_add_skip_model 18 4             |
2019-03-26 22:59:54,668 - utils.py - +--------------------------------------------------------------------------+
2019-03-26 23:00:05,382 - utils.py - New Model Id - 22
2019-03-26 23:00:05,382 - utils.py - 
+--------------------------------------------------------------------------+
2019-03-26 23:00:05,382 - utils.py - |    Father Model ID     |                 Added Operation                 |
2019-03-26 23:00:05,382 - utils.py - +--------------------------------------------------------------------------+
2019-03-26 23:00:05,383 - utils.py - |                        |             to_concat_skip_model 4 7            |
2019-03-26 23:00:05,383 - utils.py - |           0            |              to_add_skip_model 4 8              |
2019-03-26 23:00:05,383 - utils.py - |                        |              to_add_skip_model 0 1              |
2019-03-26 23:00:05,383 - utils.py - +--------------------------------------------------------------------------+
2019-03-26 23:00:17,715 - utils.py - New Model Id - 23
2019-03-26 23:00:17,715 - utils.py - 
+--------------------------------------------------------------------------+
2019-03-26 23:00:17,715 - utils.py - |    Father Model ID     |                 Added Operation                 |
2019-03-26 23:00:17,716 - utils.py - +--------------------------------------------------------------------------+
2019-03-26 23:00:17,716 - utils.py - |                        |              to_add_skip_model 1 9              |
2019-03-26 23:00:17,716 - utils.py - |           0            |              to_add_skip_model 5 10             |
2019-03-26 23:00:17,716 - utils.py - |                        |              to_add_skip_model 3 7              |
2019-03-26 23:00:17,716 - utils.py - +--------------------------------------------------------------------------+
2019-03-26 23:00:29,785 - utils.py - New Model Id - 24
2019-03-26 23:00:29,785 - utils.py - 
+--------------------------------------------------------------------------+
2019-03-26 23:00:29,785 - utils.py - |    Father Model ID     |                 Added Operation                 |
2019-03-26 23:00:29,785 - utils.py - +--------------------------------------------------------------------------+
2019-03-26 23:00:29,785 - utils.py - |                        |              to_add_skip_model 3 5              |
2019-03-26 23:00:29,785 - utils.py - |           0            |            to_concat_skip_model 9 10            |
2019-03-26 23:00:29,785 - utils.py - +--------------------------------------------------------------------------+
2019-03-26 23:00:41,241 - utils.py - New Model Id - 25
2019-03-26 23:00:41,241 - utils.py - 
+--------------------------------------------------------------------------+
2019-03-26 23:00:41,241 - utils.py - |    Father Model ID     |                 Added Operation                 |
2019-03-26 23:00:41,241 - utils.py - +--------------------------------------------------------------------------+
2019-03-26 23:00:41,241 - utils.py - |                        |              to_add_skip_model 5 6              |
2019-03-26 23:00:41,241 - utils.py - |           0            |              to_add_skip_model 7 8              |
2019-03-26 23:00:41,241 - utils.py - |                        |             to_concat_skip_model 1 2            |
2019-03-26 23:00:41,241 - utils.py - +--------------------------------------------------------------------------+
2019-03-26 23:00:55,044 - utils.py - New Model Id - 26
2019-03-26 23:00:55,044 - utils.py - 
+--------------------------------------------------------------------------+
2019-03-26 23:00:55,044 - utils.py - |    Father Model ID     |                 Added Operation                 |
2019-03-26 23:00:55,045 - utils.py - +--------------------------------------------------------------------------+
2019-03-26 23:00:55,045 - utils.py - |                        |             to_concat_skip_model 1 5            |
2019-03-26 23:00:55,045 - utils.py - |                        |      to_deeper_model 4 Conv1d(64, 64, 3, 1)     |
2019-03-26 23:00:55,045 - utils.py - |           0            |            to_concat_skip_model 20 9            |
2019-03-26 23:00:55,045 - utils.py - |                        |              to_add_skip_model 8 10             |
2019-03-26 23:00:55,045 - utils.py - +--------------------------------------------------------------------------+
2019-03-26 23:01:09,625 - utils.py - New Model Id - 27
2019-03-26 23:01:09,625 - utils.py - 
+--------------------------------------------------------------------------+
2019-03-26 23:01:09,625 - utils.py - |    Father Model ID     |                 Added Operation                 |
2019-03-26 23:01:09,625 - utils.py - +--------------------------------------------------------------------------+
2019-03-26 23:01:09,625 - utils.py - |                        |             to_concat_skip_model 1 8            |
2019-03-26 23:01:09,625 - utils.py - |                        |              to_add_skip_model 6 10             |
2019-03-26 23:01:09,625 - utils.py - |           0            |              to_add_skip_model 0 3              |
2019-03-26 23:01:09,625 - utils.py - |                        |              to_deeper_model 5 ReLU             |
2019-03-26 23:01:09,625 - utils.py - +--------------------------------------------------------------------------+
2019-03-26 23:01:22,188 - utils.py - New Model Id - 28
2019-03-26 23:01:22,188 - utils.py - 
+--------------------------------------------------------------------------+
2019-03-26 23:01:22,188 - utils.py - |    Father Model ID     |                 Added Operation                 |
2019-03-26 23:01:22,188 - utils.py - +--------------------------------------------------------------------------+
2019-03-26 23:01:22,188 - utils.py - |                        |              to_add_skip_model 0 2              |
2019-03-26 23:01:22,188 - utils.py - |           0            |              to_add_skip_model 3 6              |
2019-03-26 23:01:22,188 - utils.py - |                        |              to_add_skip_model 17 9             |
2019-03-26 23:01:22,188 - utils.py - +--------------------------------------------------------------------------+
2019-03-26 23:01:34,053 - utils.py - New Model Id - 29
2019-03-26 23:01:34,053 - utils.py - 
+--------------------------------------------------------------------------+
2019-03-26 23:01:34,053 - utils.py - |    Father Model ID     |                 Added Operation                 |
2019-03-26 23:01:34,053 - utils.py - +--------------------------------------------------------------------------+
2019-03-26 23:01:34,053 - utils.py - |                        |             to_concat_skip_model 5 7            |
2019-03-26 23:01:34,053 - utils.py - |           0            |              to_add_skip_model 2 9              |
2019-03-26 23:01:34,054 - utils.py - |                        |      to_deeper_model 0 BatchNormalization1d     |
2019-03-26 23:01:34,054 - utils.py - +--------------------------------------------------------------------------+
2019-03-26 23:01:47,176 - utils.py - New Model Id - 30
2019-03-26 23:01:47,176 - utils.py - 
+--------------------------------------------------------------------------+
2019-03-26 23:01:47,176 - utils.py - |    Father Model ID     |                 Added Operation                 |
2019-03-26 23:01:47,176 - utils.py - +--------------------------------------------------------------------------+
2019-03-26 23:01:47,176 - utils.py - |                        |              to_add_skip_model 2 4              |
2019-03-26 23:01:47,176 - utils.py - |                        |              to_add_skip_model 0 9              |
2019-03-26 23:01:47,176 - utils.py - |           0            |     to_deeper_model 17 Conv1d(64, 64, 3, 1)     |
2019-03-26 23:01:47,176 - utils.py - |                        |               to_wider_model 2 64               |
2019-03-26 23:01:47,176 - utils.py - +--------------------------------------------------------------------------+
2019-03-26 23:01:59,701 - utils.py - New Model Id - 31
2019-03-26 23:01:59,701 - utils.py - 
+--------------------------------------------------------------------------+
2019-03-26 23:01:59,702 - utils.py - |    Father Model ID     |                 Added Operation                 |
2019-03-26 23:01:59,702 - utils.py - +--------------------------------------------------------------------------+
2019-03-26 23:01:59,702 - utils.py - |                        |             to_concat_skip_model 0 9            |
2019-03-26 23:01:59,702 - utils.py - |           0            |             to_concat_skip_model 2 6            |
2019-03-26 23:01:59,702 - utils.py - |                        |            to_concat_skip_model 7 21            |
2019-03-26 23:01:59,702 - utils.py - +--------------------------------------------------------------------------+
2019-03-26 23:02:12,569 - utils.py - New Model Id - 32
2019-03-26 23:02:12,569 - utils.py - 
+--------------------------------------------------------------------------+
2019-03-26 23:02:12,569 - utils.py - |    Father Model ID     |                 Added Operation                 |
2019-03-26 23:02:12,569 - utils.py - +--------------------------------------------------------------------------+
2019-03-26 23:02:12,569 - utils.py - |                        |              to_add_skip_model 5 7              |
2019-03-26 23:02:12,569 - utils.py - |           0            |              to_add_skip_model 0 3              |
2019-03-26 23:02:12,569 - utils.py - |                        |              to_add_skip_model 0 23             |
2019-03-26 23:02:12,569 - utils.py - +--------------------------------------------------------------------------+
2019-03-26 23:02:23,784 - utils.py - New Model Id - 33
2019-03-26 23:02:23,784 - utils.py - 
+--------------------------------------------------------------------------+
2019-03-26 23:02:23,784 - utils.py - |    Father Model ID     |                 Added Operation                 |
2019-03-26 23:02:23,784 - utils.py - +--------------------------------------------------------------------------+
2019-03-26 23:02:23,784 - utils.py - |                        |              to_add_skip_model 3 5              |
2019-03-26 23:02:23,784 - utils.py - |                        |      to_deeper_model 3 BatchNormalization1d     |
2019-03-26 23:02:23,784 - utils.py - |           0            |              to_add_skip_model 3 7              |
2019-03-26 23:02:23,784 - utils.py - |                        |              to_add_skip_model 0 3              |
2019-03-26 23:02:23,784 - utils.py - +--------------------------------------------------------------------------+
2019-03-26 23:02:36,431 - utils.py - New Model Id - 34
2019-03-26 23:02:36,432 - utils.py - 
+--------------------------------------------------------------------------+
2019-03-26 23:02:36,432 - utils.py - |    Father Model ID     |                 Added Operation                 |
2019-03-26 23:02:36,432 - utils.py - +--------------------------------------------------------------------------+
2019-03-26 23:02:36,432 - utils.py - |                        |              to_add_skip_model 8 10             |
2019-03-26 23:02:36,432 - utils.py - |           0            |             to_concat_skip_model 0 1            |
2019-03-26 23:02:36,432 - utils.py - |                        |              to_add_skip_model 5 18             |
2019-03-26 23:02:36,432 - utils.py - +--------------------------------------------------------------------------+
2019-03-26 23:02:50,768 - utils.py - New Model Id - 35
2019-03-26 23:02:50,768 - utils.py - 
+--------------------------------------------------------------------------+
2019-03-26 23:02:50,768 - utils.py - |    Father Model ID     |                 Added Operation                 |
2019-03-26 23:02:50,768 - utils.py - +--------------------------------------------------------------------------+
2019-03-26 23:02:50,768 - utils.py - |                        |              to_deeper_model 7 ReLU             |
2019-03-26 23:02:50,768 - utils.py - |                        |              to_add_skip_model 8 9              |
2019-03-26 23:02:50,768 - utils.py - |           0            |      to_deeper_model 2 Conv1d(64, 64, 3, 1)     |
2019-03-26 23:02:50,768 - utils.py - |                        |            to_concat_skip_model 0 18            |
2019-03-26 23:02:50,768 - utils.py - +--------------------------------------------------------------------------+
2019-03-26 23:03:02,885 - utils.py - New Model Id - 36
2019-03-26 23:03:02,885 - utils.py - 
+--------------------------------------------------------------------------+
2019-03-26 23:03:02,885 - utils.py - |    Father Model ID     |                 Added Operation                 |
2019-03-26 23:03:02,885 - utils.py - +--------------------------------------------------------------------------+
2019-03-26 23:03:02,885 - utils.py - |                        |              to_add_skip_model 4 5              |
2019-03-26 23:03:02,885 - utils.py - |           0            |              to_add_skip_model 18 6             |
2019-03-26 23:03:02,885 - utils.py - |                        |      to_deeper_model 3 BatchNormalization1d     |
2019-03-26 23:03:02,885 - utils.py - +--------------------------------------------------------------------------+
2019-03-26 23:03:14,116 - utils.py - New Model Id - 37
2019-03-26 23:03:14,116 - utils.py - 
+--------------------------------------------------------------------------+
2019-03-26 23:03:14,116 - utils.py - |    Father Model ID     |                 Added Operation                 |
2019-03-26 23:03:14,117 - utils.py - +--------------------------------------------------------------------------+
2019-03-26 23:03:14,117 - utils.py - |                        |              to_add_skip_model 6 10             |
2019-03-26 23:03:14,117 - utils.py - |                        |              to_add_skip_model 2 5              |
2019-03-26 23:03:14,117 - utils.py - |           0            |              to_deeper_model 2 ReLU             |
2019-03-26 23:03:14,117 - utils.py - |                        |               to_wider_model 2 64               |
2019-03-26 23:03:14,117 - utils.py - |                        |              to_add_skip_model 23 6             |
2019-03-26 23:03:14,117 - utils.py - +--------------------------------------------------------------------------+
2019-03-26 23:03:27,000 - utils.py - New Model Id - 38
2019-03-26 23:03:27,000 - utils.py - 
+--------------------------------------------------------------------------+
2019-03-26 23:03:27,001 - utils.py - |    Father Model ID     |                 Added Operation                 |
2019-03-26 23:03:27,001 - utils.py - +--------------------------------------------------------------------------+
2019-03-26 23:03:27,001 - utils.py - |                        |              to_add_skip_model 8 9              |
2019-03-26 23:03:27,001 - utils.py - |                        |     to_deeper_model 0 Conv1d(101, 101, 3, 1)    |
2019-03-26 23:03:27,001 - utils.py - |           0            |               to_wider_model 2 64               |
2019-03-26 23:03:27,001 - utils.py - |                        |              to_deeper_model 2 ReLU             |
2019-03-26 23:03:27,002 - utils.py - +--------------------------------------------------------------------------+
2019-03-26 23:03:38,732 - utils.py - New Model Id - 39
2019-03-26 23:03:38,732 - utils.py - 
+--------------------------------------------------------------------------+
2019-03-26 23:03:38,732 - utils.py - |    Father Model ID     |                 Added Operation                 |
2019-03-26 23:03:38,732 - utils.py - +--------------------------------------------------------------------------+
2019-03-26 23:03:38,732 - utils.py - |                        |             to_concat_skip_model 7 8            |
2019-03-26 23:03:38,732 - utils.py - |                        |     to_deeper_model 17 BatchNormalization1d     |
2019-03-26 23:03:38,732 - utils.py - |           0            |             to_concat_skip_model 5 7            |
2019-03-26 23:03:38,732 - utils.py - |                        |             to_concat_skip_model 3 4            |
2019-03-26 23:03:38,732 - utils.py - +--------------------------------------------------------------------------+
2019-03-26 23:03:51,457 - utils.py - New Model Id - 40
2019-03-26 23:03:51,457 - utils.py - 
+--------------------------------------------------------------------------+
2019-03-26 23:03:51,457 - utils.py - |    Father Model ID     |                 Added Operation                 |
2019-03-26 23:03:51,457 - utils.py - +--------------------------------------------------------------------------+
2019-03-26 23:03:51,457 - utils.py - |                        |             to_concat_skip_model 6 7            |
2019-03-26 23:03:51,457 - utils.py - |                        |             to_deeper_model 20 ReLU             |
2019-03-26 23:03:51,457 - utils.py - |           0            |               to_wider_model 2 64               |
2019-03-26 23:03:51,457 - utils.py - |                        |              to_deeper_model 2 ReLU             |
2019-03-26 23:03:51,457 - utils.py - |                        |      to_deeper_model 4 BatchNormalization1d     |
2019-03-26 23:03:51,457 - utils.py - +--------------------------------------------------------------------------+
