=========================================Start of Log==============================================
Trained model SmallDenseNet-0.json
Sunday March 31,2019 08:41PM
Dataset dir: C:\Users\Fabi\ownCloud\workspace\uni\7\neuroling\neuroling_project\data\v1
_________________________________________________________________
Layer (type)                 Output Shape              Param #   
=================================================================
input_1 (InputLayer)         (None, 64, 5)             0         
_________________________________________________________________
flatten_1 (Flatten)          (None, 320)               0         
_________________________________________________________________
1fc2 (Dense)                 (None, 1)                 321       
=================================================================
Total params: 321
Trainable params: 321
Non-trainable params: 0
_________________________________________________________________
___________Parameters:______________
Batch size    : 128
Epochs       : 10000
Learning rate : 0.02
___________Metrics___________________
Loss          : 0.17033424172442774
MSE      : 0.354002687283334
=========================================End of Log=================================================
====================================================================================================
----------------------------------------------------------------------------------------------------
=========================================Start of Log==============================================
Trained model SmallDenseNet-1.json
Sunday March 31,2019 10:33PM
Dataset dir: C:\Users\Fabi\ownCloud\workspace\uni\7\neuroling\neuroling_project\data\v1
_________________________________________________________________
Layer (type)                 Output Shape              Param #   
=================================================================
input_1 (InputLayer)         (None, 64, 5)             0         
_________________________________________________________________
flatten_1 (Flatten)          (None, 320)               0         
_________________________________________________________________
1fc2 (Dense)                 (None, 1)                 321       
=================================================================
Total params: 321
Trainable params: 321
Non-trainable params: 0
_________________________________________________________________
___________Parameters:______________
Batch size    : 128
Epochs       : 10000
Learning rate : 0.02
___________Metrics___________________
Loss          : 0.15788422232073857
MSE      : 0.3429352627324231
=========================================End of Log=================================================
====================================================================================================
----------------------------------------------------------------------------------------------------
