=========================================Start of Log==============================================
Trained model WideDenseNet-0.json
Sunday March 31,2019 08:41PM
Dataset dir: C:\Users\Fabi\ownCloud\workspace\uni\7\neuroling\neuroling_project\data\v1
_________________________________________________________________
Layer (type)                 Output Shape              Param #   
=================================================================
input_1 (InputLayer)         (None, 64, 5)             0         
_________________________________________________________________
flatten_1 (Flatten)          (None, 320)               0         
_________________________________________________________________
0fc0 (Dense)                 (None, 256)               82176     
_________________________________________________________________
0fc1 (Dense)                 (None, 64)                16448     
_________________________________________________________________
0fc2 (Dense)                 (None, 1)                 65        
=================================================================
Total params: 98,689
Trainable params: 98,689
Non-trainable params: 0
_________________________________________________________________
___________Parameters:______________
Batch size    : 128
Epochs       : 10000
Learning rate : 0.02
___________Metrics___________________
Loss          : 0.15495040892176545
MSE      : 0.3317601391345779
=========================================End of Log=================================================
====================================================================================================
----------------------------------------------------------------------------------------------------
=========================================Start of Log==============================================
Trained model WideDenseNet-1.json
Sunday March 31,2019 10:34PM
Dataset dir: C:\Users\Fabi\ownCloud\workspace\uni\7\neuroling\neuroling_project\data\v1
_________________________________________________________________
Layer (type)                 Output Shape              Param #   
=================================================================
input_1 (InputLayer)         (None, 64, 5)             0         
_________________________________________________________________
flatten_1 (Flatten)          (None, 320)               0         
_________________________________________________________________
0fc0 (Dense)                 (None, 256)               82176     
_________________________________________________________________
0fc1 (Dense)                 (None, 64)                16448     
_________________________________________________________________
0fc2 (Dense)                 (None, 1)                 65        
=================================================================
Total params: 98,689
Trainable params: 98,689
Non-trainable params: 0
_________________________________________________________________
___________Parameters:______________
Batch size    : 128
Epochs       : 10000
Learning rate : 0.02
___________Metrics___________________
Loss          : 0.15357901974220498
MSE      : 0.33593259657049457
=========================================End of Log=================================================
====================================================================================================
----------------------------------------------------------------------------------------------------
