2019-03-26 22:36:07,864 - utils.py - New Model Id - 3
2019-03-26 22:36:07,865 - utils.py - 
+--------------------------------------------------------------------------+
2019-03-26 22:36:07,865 - utils.py - |    Father Model ID     |                 Added Operation                 |
2019-03-26 22:36:07,865 - utils.py - +--------------------------------------------------------------------------+
2019-03-26 22:36:07,865 - utils.py - |           1            |              to_deeper_model 2 ReLU             |
2019-03-26 22:36:07,865 - utils.py - +--------------------------------------------------------------------------+
2019-03-26 22:36:28,181 - utils.py - New Model Id - 4
2019-03-26 22:36:28,181 - utils.py - 
+--------------------------------------------------------------------------+
2019-03-26 22:36:28,181 - utils.py - |    Father Model ID     |                 Added Operation                 |
2019-03-26 22:36:28,181 - utils.py - +--------------------------------------------------------------------------+
2019-03-26 22:36:28,181 - utils.py - |           0            |               to_wider_model 6 64               |
2019-03-26 22:36:28,181 - utils.py - +--------------------------------------------------------------------------+
2019-03-26 22:36:38,554 - utils.py - New Model Id - 5
2019-03-26 22:36:38,555 - utils.py - 
+--------------------------------------------------------------------------+
2019-03-26 22:36:38,555 - utils.py - |    Father Model ID     |                 Added Operation                 |
2019-03-26 22:36:38,555 - utils.py - +--------------------------------------------------------------------------+
2019-03-26 22:36:38,555 - utils.py - |           1            |     to_deeper_model 66 BatchNormalization1d     |
2019-03-26 22:36:38,555 - utils.py - +--------------------------------------------------------------------------+
2019-03-26 22:36:59,060 - utils.py - New Model Id - 6
2019-03-26 22:36:59,060 - utils.py - 
+--------------------------------------------------------------------------+
2019-03-26 22:36:59,060 - utils.py - |    Father Model ID     |                 Added Operation                 |
2019-03-26 22:36:59,060 - utils.py - +--------------------------------------------------------------------------+
2019-03-26 22:36:59,060 - utils.py - |           2            |            to_add_skip_model 118 207            |
2019-03-26 22:36:59,060 - utils.py - +--------------------------------------------------------------------------+
2019-03-26 22:38:55,876 - utils.py - New Model Id - 7
2019-03-26 22:38:55,877 - utils.py - 
+--------------------------------------------------------------------------+
2019-03-26 22:38:55,877 - utils.py - |    Father Model ID     |                 Added Operation                 |
2019-03-26 22:38:55,877 - utils.py - +--------------------------------------------------------------------------+
2019-03-26 22:38:55,877 - utils.py - |           2            |              to_wider_model 238 128             |
2019-03-26 22:38:55,877 - utils.py - +--------------------------------------------------------------------------+
2019-03-26 22:43:22,362 - utils.py - New Model Id - 8
2019-03-26 22:43:22,362 - utils.py - 
+--------------------------------------------------------------------------+
2019-03-26 22:43:22,362 - utils.py - |    Father Model ID     |                 Added Operation                 |
2019-03-26 22:43:22,362 - utils.py - +--------------------------------------------------------------------------+
2019-03-26 22:43:22,362 - utils.py - |           5            |     to_deeper_model 57 BatchNormalization1d     |
2019-03-26 22:43:22,362 - utils.py - +--------------------------------------------------------------------------+
2019-03-26 22:43:44,078 - utils.py - New Model Id - 9
2019-03-26 22:43:44,078 - utils.py - 
+--------------------------------------------------------------------------+
2019-03-26 22:43:44,078 - utils.py - |    Father Model ID     |                 Added Operation                 |
2019-03-26 22:43:44,078 - utils.py - +--------------------------------------------------------------------------+
2019-03-26 22:43:44,078 - utils.py - |           3            |              to_deeper_model 7 ReLU             |
2019-03-26 22:43:44,078 - utils.py - +--------------------------------------------------------------------------+
