2019-03-31 20:56:27,098 - utils.py - New Model Id - 3
2019-03-31 20:56:27,099 - utils.py - 
+--------------------------------------------------------------------------+
2019-03-31 20:56:27,099 - utils.py - |    Father Model ID     |                 Added Operation                 |
2019-03-31 20:56:27,099 - utils.py - +--------------------------------------------------------------------------+
2019-03-31 20:56:27,099 - utils.py - |                        |             to_concat_skip_model 5 6            |
2019-03-31 20:56:27,099 - utils.py - |           0            |            to_concat_skip_model 2 17            |
2019-03-31 20:56:27,099 - utils.py - +--------------------------------------------------------------------------+
2019-03-31 20:56:49,490 - utils.py - New Model Id - 4
2019-03-31 20:56:49,490 - utils.py - 
+--------------------------------------------------------------------------+
2019-03-31 20:56:49,490 - utils.py - |    Father Model ID     |                 Added Operation                 |
2019-03-31 20:56:49,490 - utils.py - +--------------------------------------------------------------------------+
2019-03-31 20:56:49,490 - utils.py - |                        |             to_concat_skip_model 1 3            |
2019-03-31 20:56:49,490 - utils.py - |           0            |              to_add_skip_model 6 7              |
2019-03-31 20:56:49,490 - utils.py - +--------------------------------------------------------------------------+
2019-03-31 20:57:10,321 - utils.py - New Model Id - 5
2019-03-31 20:57:10,321 - utils.py - 
+--------------------------------------------------------------------------+
2019-03-31 20:57:10,321 - utils.py - |    Father Model ID     |                 Added Operation                 |
2019-03-31 20:57:10,322 - utils.py - +--------------------------------------------------------------------------+
2019-03-31 20:57:10,322 - utils.py - |                        |              to_add_skip_model 8 9              |
2019-03-31 20:57:10,322 - utils.py - |           0            |             to_concat_skip_model 1 5            |
2019-03-31 20:57:10,322 - utils.py - +--------------------------------------------------------------------------+
2019-03-31 20:57:29,718 - utils.py - New Model Id - 6
2019-03-31 20:57:29,718 - utils.py - 
+--------------------------------------------------------------------------+
2019-03-31 20:57:29,718 - utils.py - |    Father Model ID     |                 Added Operation                 |
2019-03-31 20:57:29,719 - utils.py - +--------------------------------------------------------------------------+
2019-03-31 20:57:29,719 - utils.py - |                        |              to_add_skip_model 1 3              |
2019-03-31 20:57:29,719 - utils.py - |           0            |              to_add_skip_model 0 10             |
2019-03-31 20:57:29,719 - utils.py - +--------------------------------------------------------------------------+
2019-03-31 20:57:49,578 - utils.py - New Model Id - 7
2019-03-31 20:57:49,578 - utils.py - 
+--------------------------------------------------------------------------+
2019-03-31 20:57:49,578 - utils.py - |    Father Model ID     |                 Added Operation                 |
2019-03-31 20:57:49,578 - utils.py - +--------------------------------------------------------------------------+
2019-03-31 20:57:49,578 - utils.py - |                        |              to_add_skip_model 1 3              |
2019-03-31 20:57:49,578 - utils.py - |           0            |             to_deeper_model 19 ReLU             |
2019-03-31 20:57:49,578 - utils.py - |                        |      to_deeper_model 8 Conv1d(64, 64, 3, 1)     |
2019-03-31 20:57:49,578 - utils.py - +--------------------------------------------------------------------------+
2019-03-31 20:58:09,273 - utils.py - New Model Id - 8
2019-03-31 20:58:09,273 - utils.py - 
+--------------------------------------------------------------------------+
2019-03-31 20:58:09,273 - utils.py - |    Father Model ID     |                 Added Operation                 |
2019-03-31 20:58:09,273 - utils.py - +--------------------------------------------------------------------------+
2019-03-31 20:58:09,273 - utils.py - |                        |              to_add_skip_model 4 5              |
2019-03-31 20:58:09,273 - utils.py - |           0            |              to_add_skip_model 17 9             |
2019-03-31 20:58:09,273 - utils.py - +--------------------------------------------------------------------------+
2019-03-31 20:58:28,247 - utils.py - New Model Id - 9
2019-03-31 20:58:28,248 - utils.py - 
+--------------------------------------------------------------------------+
2019-03-31 20:58:28,248 - utils.py - |    Father Model ID     |                 Added Operation                 |
2019-03-31 20:58:28,248 - utils.py - +--------------------------------------------------------------------------+
2019-03-31 20:58:28,248 - utils.py - |                        |              to_add_skip_model 4 5              |
2019-03-31 20:58:28,248 - utils.py - |           0            |              to_add_skip_model 1 8              |
2019-03-31 20:58:28,248 - utils.py - +--------------------------------------------------------------------------+
2019-03-31 20:58:47,361 - utils.py - New Model Id - 10
2019-03-31 20:58:47,362 - utils.py - 
+--------------------------------------------------------------------------+
2019-03-31 20:58:47,362 - utils.py - |    Father Model ID     |                 Added Operation                 |
2019-03-31 20:58:47,362 - utils.py - +--------------------------------------------------------------------------+
2019-03-31 20:58:47,362 - utils.py - |                        |      to_deeper_model 0 BatchNormalization1d     |
2019-03-31 20:58:47,362 - utils.py - |                        |              to_add_skip_model 7 8              |
2019-03-31 20:58:47,362 - utils.py - |           0            |             to_concat_skip_model 0 6            |
2019-03-31 20:58:47,362 - utils.py - |                        |             to_concat_skip_model 2 4            |
2019-03-31 20:58:47,362 - utils.py - +--------------------------------------------------------------------------+
2019-03-31 20:59:12,530 - utils.py - New Model Id - 11
2019-03-31 20:59:12,530 - utils.py - 
+--------------------------------------------------------------------------+
2019-03-31 20:59:12,530 - utils.py - |    Father Model ID     |                 Added Operation                 |
2019-03-31 20:59:12,531 - utils.py - +--------------------------------------------------------------------------+
2019-03-31 20:59:12,531 - utils.py - |                        |            to_concat_skip_model 17 7            |
2019-03-31 20:59:12,531 - utils.py - |           9            |             to_add_skip_model 17 18             |
2019-03-31 20:59:12,531 - utils.py - +--------------------------------------------------------------------------+
2019-03-31 20:59:34,683 - utils.py - New Model Id - 12
2019-03-31 20:59:34,683 - utils.py - 
+--------------------------------------------------------------------------+
2019-03-31 20:59:34,683 - utils.py - |    Father Model ID     |                 Added Operation                 |
2019-03-31 20:59:34,683 - utils.py - +--------------------------------------------------------------------------+
2019-03-31 20:59:34,683 - utils.py - |                        |            to_concat_skip_model 0 26            |
2019-03-31 20:59:34,683 - utils.py - |           10           |            to_concat_skip_model 6 18            |
2019-03-31 20:59:34,683 - utils.py - +--------------------------------------------------------------------------+
2019-03-31 21:00:00,969 - utils.py - New Model Id - 13
2019-03-31 21:00:00,969 - utils.py - 
+--------------------------------------------------------------------------+
2019-03-31 21:00:00,969 - utils.py - |    Father Model ID     |                 Added Operation                 |
2019-03-31 21:00:00,969 - utils.py - +--------------------------------------------------------------------------+
2019-03-31 21:00:00,969 - utils.py - |                        |              to_add_skip_model 2 6              |
2019-03-31 21:00:00,969 - utils.py - |           10           |      to_deeper_model 0 BatchNormalization1d     |
2019-03-31 21:00:00,969 - utils.py - |                        |              to_add_skip_model 0 17             |
2019-03-31 21:00:00,969 - utils.py - +--------------------------------------------------------------------------+
2019-03-31 21:00:30,450 - utils.py - New Model Id - 14
2019-03-31 21:00:30,450 - utils.py - 
+--------------------------------------------------------------------------+
2019-03-31 21:00:30,450 - utils.py - |    Father Model ID     |                 Added Operation                 |
2019-03-31 21:00:30,450 - utils.py - +--------------------------------------------------------------------------+
2019-03-31 21:00:30,450 - utils.py - |                        |             to_concat_skip_model 5 6            |
2019-03-31 21:00:30,450 - utils.py - |           10           |            to_concat_skip_model 25 7            |
2019-03-31 21:00:30,450 - utils.py - +--------------------------------------------------------------------------+
2019-03-31 21:00:55,259 - utils.py - New Model Id - 15
2019-03-31 21:00:55,259 - utils.py - 
+--------------------------------------------------------------------------+
2019-03-31 21:00:55,259 - utils.py - |    Father Model ID     |                 Added Operation                 |
2019-03-31 21:00:55,260 - utils.py - +--------------------------------------------------------------------------+
2019-03-31 21:00:55,260 - utils.py - |                        |            to_concat_skip_model 17 1            |
2019-03-31 21:00:55,260 - utils.py - |           10           |             to_add_skip_model 26 24             |
2019-03-31 21:00:55,260 - utils.py - +--------------------------------------------------------------------------+
2019-03-31 21:01:19,258 - utils.py - New Model Id - 16
2019-03-31 21:01:19,258 - utils.py - 
+--------------------------------------------------------------------------+
2019-03-31 21:01:19,258 - utils.py - |    Father Model ID     |                 Added Operation                 |
2019-03-31 21:01:19,258 - utils.py - +--------------------------------------------------------------------------+
2019-03-31 21:01:19,258 - utils.py - |                        |            to_concat_skip_model 25 6            |
2019-03-31 21:01:19,258 - utils.py - |           10           |              to_add_skip_model 28 6             |
2019-03-31 21:01:19,258 - utils.py - +--------------------------------------------------------------------------+
2019-03-31 21:01:47,614 - utils.py - New Model Id - 17
2019-03-31 21:01:47,614 - utils.py - 
+--------------------------------------------------------------------------+
2019-03-31 21:01:47,614 - utils.py - |    Father Model ID     |                 Added Operation                 |
2019-03-31 21:01:47,614 - utils.py - +--------------------------------------------------------------------------+
2019-03-31 21:01:47,614 - utils.py - |                        |            to_concat_skip_model 25 26           |
2019-03-31 21:01:47,614 - utils.py - |           10           |             to_add_skip_model 17 25             |
2019-03-31 21:01:47,614 - utils.py - +--------------------------------------------------------------------------+
2019-03-31 21:02:12,644 - utils.py - New Model Id - 18
2019-03-31 21:02:12,644 - utils.py - 
+--------------------------------------------------------------------------+
2019-03-31 21:02:12,644 - utils.py - |    Father Model ID     |                 Added Operation                 |
2019-03-31 21:02:12,644 - utils.py - +--------------------------------------------------------------------------+
2019-03-31 21:02:12,644 - utils.py - |                        |            to_concat_skip_model 6 19            |
2019-03-31 21:02:12,644 - utils.py - |           10           |              to_add_skip_model 6 7              |
2019-03-31 21:02:12,644 - utils.py - +--------------------------------------------------------------------------+
2019-03-31 21:02:37,299 - utils.py - New Model Id - 19
2019-03-31 21:02:37,300 - utils.py - 
+--------------------------------------------------------------------------+
2019-03-31 21:02:37,300 - utils.py - |    Father Model ID     |                 Added Operation                 |
2019-03-31 21:02:37,300 - utils.py - +--------------------------------------------------------------------------+
2019-03-31 21:02:37,300 - utils.py - |                        |            to_concat_skip_model 17 26           |
2019-03-31 21:02:37,300 - utils.py - |                        |      to_deeper_model 2 BatchNormalization1d     |
2019-03-31 21:02:37,300 - utils.py - |           10           |              to_add_skip_model 1 26             |
2019-03-31 21:02:37,300 - utils.py - |                        |             to_add_skip_model 25 24             |
2019-03-31 21:02:37,300 - utils.py - +--------------------------------------------------------------------------+
2019-03-31 21:03:04,814 - utils.py - New Model Id - 20
2019-03-31 21:03:04,814 - utils.py - 
+--------------------------------------------------------------------------+
2019-03-31 21:03:04,814 - utils.py - |    Father Model ID     |                 Added Operation                 |
2019-03-31 21:03:04,814 - utils.py - +--------------------------------------------------------------------------+
2019-03-31 21:03:04,814 - utils.py - |                        |             to_concat_skip_model 5 6            |
2019-03-31 21:03:04,814 - utils.py - |           10           |            to_concat_skip_model 0 10            |
2019-03-31 21:03:04,814 - utils.py - |                        |            to_concat_skip_model 19 9            |
2019-03-31 21:03:04,814 - utils.py - +--------------------------------------------------------------------------+
2019-03-31 21:03:36,325 - utils.py - New Model Id - 21
2019-03-31 21:03:36,325 - utils.py - 
+--------------------------------------------------------------------------+
2019-03-31 21:03:36,325 - utils.py - |    Father Model ID     |                 Added Operation                 |
2019-03-31 21:03:36,326 - utils.py - +--------------------------------------------------------------------------+
2019-03-31 21:03:36,326 - utils.py - |                        |            to_concat_skip_model 0 25            |
2019-03-31 21:03:36,326 - utils.py - |           10           |              to_add_skip_model 2 25             |
2019-03-31 21:03:36,326 - utils.py - |                        |               to_wider_model 19 64              |
2019-03-31 21:03:36,326 - utils.py - +--------------------------------------------------------------------------+
2019-03-31 21:04:01,719 - utils.py - New Model Id - 22
2019-03-31 21:04:01,719 - utils.py - 
+--------------------------------------------------------------------------+
2019-03-31 21:04:01,719 - utils.py - |    Father Model ID     |                 Added Operation                 |
2019-03-31 21:04:01,719 - utils.py - +--------------------------------------------------------------------------+
2019-03-31 21:04:01,719 - utils.py - |                        |            to_concat_skip_model 18 19           |
2019-03-31 21:04:01,719 - utils.py - |           10           |            to_concat_skip_model 17 10           |
2019-03-31 21:04:01,720 - utils.py - +--------------------------------------------------------------------------+
2019-03-31 21:04:34,484 - utils.py - New Model Id - 23
2019-03-31 21:04:34,484 - utils.py - 
+--------------------------------------------------------------------------+
2019-03-31 21:04:34,484 - utils.py - |    Father Model ID     |                 Added Operation                 |
2019-03-31 21:04:34,484 - utils.py - +--------------------------------------------------------------------------+
2019-03-31 21:04:34,484 - utils.py - |                        |            to_concat_skip_model 17 19           |
2019-03-31 21:04:34,484 - utils.py - |           10           |              to_add_skip_model 7 10             |
2019-03-31 21:04:34,484 - utils.py - |                        |     to_deeper_model 24 BatchNormalization1d     |
2019-03-31 21:04:34,484 - utils.py - +--------------------------------------------------------------------------+
2019-03-31 21:05:06,542 - utils.py - New Model Id - 24
2019-03-31 21:05:06,542 - utils.py - 
+--------------------------------------------------------------------------+
2019-03-31 21:05:06,542 - utils.py - |    Father Model ID     |                 Added Operation                 |
2019-03-31 21:05:06,542 - utils.py - +--------------------------------------------------------------------------+
2019-03-31 21:05:06,542 - utils.py - |                        |            to_concat_skip_model 9 10            |
2019-03-31 21:05:06,542 - utils.py - |           10           |            to_concat_skip_model 25 28           |
2019-03-31 21:05:06,542 - utils.py - |                        |               to_wider_model 19 64              |
2019-03-31 21:05:06,542 - utils.py - +--------------------------------------------------------------------------+
2019-03-31 21:05:33,178 - utils.py - New Model Id - 25
2019-03-31 21:05:33,178 - utils.py - 
+--------------------------------------------------------------------------+
2019-03-31 21:05:33,178 - utils.py - |    Father Model ID     |                 Added Operation                 |
2019-03-31 21:05:33,178 - utils.py - +--------------------------------------------------------------------------+
2019-03-31 21:05:33,178 - utils.py - |                        |            to_concat_skip_model 1 26            |
2019-03-31 21:05:33,178 - utils.py - |           10           |              to_add_skip_model 32 6             |
2019-03-31 21:05:33,178 - utils.py - |                        |            to_concat_skip_model 17 2            |
2019-03-31 21:05:33,178 - utils.py - +--------------------------------------------------------------------------+
2019-03-31 21:06:01,197 - utils.py - New Model Id - 26
2019-03-31 21:06:01,198 - utils.py - 
+--------------------------------------------------------------------------+
2019-03-31 21:06:01,198 - utils.py - |    Father Model ID     |                 Added Operation                 |
2019-03-31 21:06:01,198 - utils.py - +--------------------------------------------------------------------------+
2019-03-31 21:06:01,198 - utils.py - |                        |            to_concat_skip_model 17 26           |
2019-03-31 21:06:01,198 - utils.py - |           10           |             to_add_skip_model 26 32             |
2019-03-31 21:06:01,198 - utils.py - |                        |              to_add_skip_model 28 6             |
2019-03-31 21:06:01,198 - utils.py - +--------------------------------------------------------------------------+
2019-03-31 21:06:30,343 - utils.py - New Model Id - 27
2019-03-31 21:06:30,343 - utils.py - 
+--------------------------------------------------------------------------+
2019-03-31 21:06:30,343 - utils.py - |    Father Model ID     |                 Added Operation                 |
2019-03-31 21:06:30,343 - utils.py - +--------------------------------------------------------------------------+
2019-03-31 21:06:30,343 - utils.py - |                        |            to_concat_skip_model 2 28            |
2019-03-31 21:06:30,343 - utils.py - |                        |     to_deeper_model 25 Conv1d(64, 64, 5, 1)     |
2019-03-31 21:06:30,343 - utils.py - |           10           |       to_deeper_model 0 Conv1d(5, 5, 1, 1)      |
2019-03-31 21:06:30,343 - utils.py - |                        |     to_deeper_model 11 BatchNormalization1d     |
2019-03-31 21:06:30,343 - utils.py - +--------------------------------------------------------------------------+
2019-03-31 21:06:58,267 - utils.py - New Model Id - 28
2019-03-31 21:06:58,267 - utils.py - 
+--------------------------------------------------------------------------+
2019-03-31 21:06:58,267 - utils.py - |    Father Model ID     |                 Added Operation                 |
2019-03-31 21:06:58,267 - utils.py - +--------------------------------------------------------------------------+
2019-03-31 21:06:58,267 - utils.py - |                        |            to_concat_skip_model 1 26            |
2019-03-31 21:06:58,267 - utils.py - |                        |              to_add_skip_model 28 7             |
2019-03-31 21:06:58,267 - utils.py - |           10           |     to_deeper_model 32 BatchNormalization1d     |
2019-03-31 21:06:58,268 - utils.py - |                        |             to_add_skip_model 25 18             |
2019-03-31 21:06:58,268 - utils.py - +--------------------------------------------------------------------------+
2019-03-31 21:07:26,109 - utils.py - New Model Id - 29
2019-03-31 21:07:26,109 - utils.py - 
+--------------------------------------------------------------------------+
2019-03-31 21:07:26,109 - utils.py - |    Father Model ID     |                 Added Operation                 |
2019-03-31 21:07:26,109 - utils.py - +--------------------------------------------------------------------------+
2019-03-31 21:07:26,109 - utils.py - |                        |            to_concat_skip_model 17 7            |
2019-03-31 21:07:26,109 - utils.py - |           10           |             to_concat_skip_model 1 2            |
2019-03-31 21:07:26,109 - utils.py - |                        |     to_deeper_model 36 BatchNormalization1d     |
2019-03-31 21:07:26,109 - utils.py - +--------------------------------------------------------------------------+
2019-03-31 21:07:59,323 - utils.py - New Model Id - 30
2019-03-31 21:07:59,323 - utils.py - 
+--------------------------------------------------------------------------+
2019-03-31 21:07:59,323 - utils.py - |    Father Model ID     |                 Added Operation                 |
2019-03-31 21:07:59,323 - utils.py - +--------------------------------------------------------------------------+
2019-03-31 21:07:59,323 - utils.py - |                        |             to_concat_skip_model 1 2            |
2019-03-31 21:07:59,323 - utils.py - |           10           |            to_concat_skip_model 1 19            |
2019-03-31 21:07:59,323 - utils.py - |                        |              to_deeper_model 1 ReLU             |
2019-03-31 21:07:59,323 - utils.py - +--------------------------------------------------------------------------+
2019-03-31 21:08:25,657 - utils.py - New Model Id - 31
2019-03-31 21:08:25,657 - utils.py - 
+--------------------------------------------------------------------------+
2019-03-31 21:08:25,657 - utils.py - |    Father Model ID     |                 Added Operation                 |
2019-03-31 21:08:25,657 - utils.py - +--------------------------------------------------------------------------+
2019-03-31 21:08:25,657 - utils.py - |                        |            to_concat_skip_model 25 28           |
2019-03-31 21:08:25,657 - utils.py - |                        |     to_deeper_model 31 BatchNormalization1d     |
2019-03-31 21:08:25,657 - utils.py - |           10           |      to_deeper_model 6 BatchNormalization1d     |
2019-03-31 21:08:25,657 - utils.py - |                        |     to_deeper_model 33 Conv1d(64, 64, 1, 1)     |
2019-03-31 21:08:25,657 - utils.py - +--------------------------------------------------------------------------+
2019-03-31 21:08:53,888 - utils.py - New Model Id - 32
2019-03-31 21:08:53,888 - utils.py - 
+--------------------------------------------------------------------------+
2019-03-31 21:08:53,889 - utils.py - |    Father Model ID     |                 Added Operation                 |
2019-03-31 21:08:53,889 - utils.py - +--------------------------------------------------------------------------+
2019-03-31 21:08:53,889 - utils.py - |                        |            to_concat_skip_model 26 28           |
2019-03-31 21:08:53,889 - utils.py - |                        |     to_deeper_model 10 BatchNormalization1d     |
2019-03-31 21:08:53,889 - utils.py - |           10           |     to_deeper_model 26 BatchNormalization1d     |
2019-03-31 21:08:53,889 - utils.py - |                        |            to_concat_skip_model 25 28           |
2019-03-31 21:08:53,889 - utils.py - +--------------------------------------------------------------------------+
2019-03-31 21:09:24,528 - utils.py - New Model Id - 33
2019-03-31 21:09:24,528 - utils.py - 
+--------------------------------------------------------------------------+
2019-03-31 21:09:24,528 - utils.py - |    Father Model ID     |                 Added Operation                 |
2019-03-31 21:09:24,528 - utils.py - +--------------------------------------------------------------------------+
2019-03-31 21:09:24,528 - utils.py - |                        |             to_concat_skip_model 1 2            |
2019-03-31 21:09:24,528 - utils.py - |           10           |              to_add_skip_model 7 9              |
2019-03-31 21:09:24,528 - utils.py - |                        |              to_add_skip_model 7 10             |
2019-03-31 21:09:24,528 - utils.py - +--------------------------------------------------------------------------+
2019-03-31 21:09:57,138 - utils.py - New Model Id - 34
2019-03-31 21:09:57,138 - utils.py - 
+--------------------------------------------------------------------------+
2019-03-31 21:09:57,138 - utils.py - |    Father Model ID     |                 Added Operation                 |
2019-03-31 21:09:57,138 - utils.py - +--------------------------------------------------------------------------+
2019-03-31 21:09:57,138 - utils.py - |                        |            to_concat_skip_model 19 10           |
2019-03-31 21:09:57,138 - utils.py - |           32           |             to_concat_skip_model 0 7            |
2019-03-31 21:09:57,138 - utils.py - +--------------------------------------------------------------------------+
2019-03-31 21:10:36,389 - utils.py - New Model Id - 35
2019-03-31 21:10:36,389 - utils.py - 
+--------------------------------------------------------------------------+
2019-03-31 21:10:36,389 - utils.py - |    Father Model ID     |                 Added Operation                 |
2019-03-31 21:10:36,389 - utils.py - +--------------------------------------------------------------------------+
2019-03-31 21:10:36,389 - utils.py - |                        |            to_concat_skip_model 0 18            |
2019-03-31 21:10:36,389 - utils.py - |           32           |      to_deeper_model 17 Conv1d(5, 5, 3, 1)      |
2019-03-31 21:10:36,389 - utils.py - |                        |              to_add_skip_model 0 19             |
2019-03-31 21:10:36,390 - utils.py - +--------------------------------------------------------------------------+
2019-03-31 21:11:09,696 - utils.py - New Model Id - 36
2019-03-31 21:11:09,696 - utils.py - 
+--------------------------------------------------------------------------+
2019-03-31 21:11:09,696 - utils.py - |    Father Model ID     |                 Added Operation                 |
2019-03-31 21:11:09,696 - utils.py - +--------------------------------------------------------------------------+
2019-03-31 21:11:09,696 - utils.py - |                        |             to_concat_skip_model 0 2            |
2019-03-31 21:11:09,696 - utils.py - |           34           |             to_add_skip_model 28 39             |
2019-03-31 21:11:09,696 - utils.py - +--------------------------------------------------------------------------+
2019-03-31 21:11:53,834 - utils.py - New Model Id - 37
2019-03-31 21:11:53,834 - utils.py - 
+--------------------------------------------------------------------------+
2019-03-31 21:11:53,834 - utils.py - |    Father Model ID     |                 Added Operation                 |
2019-03-31 21:11:53,834 - utils.py - +--------------------------------------------------------------------------+
2019-03-31 21:11:53,834 - utils.py - |                        |            to_concat_skip_model 17 26           |
2019-03-31 21:11:53,834 - utils.py - |           34           |            to_concat_skip_model 17 25           |
2019-03-31 21:11:53,834 - utils.py - +--------------------------------------------------------------------------+
2019-03-31 21:12:15,633 - _base.py - update_title_pos
2019-03-31 21:12:15,657 - _base.py - update_title_pos
2019-03-31 21:12:15,689 - _base.py - update_title_pos
2019-03-31 21:12:15,717 - _base.py - update_title_pos
2019-03-31 21:12:15,755 - _base.py - update_title_pos
2019-03-31 21:12:15,775 - _base.py - update_title_pos
2019-03-31 21:12:15,798 - _base.py - update_title_pos
2019-03-31 21:12:15,822 - _base.py - update_title_pos
2019-03-31 21:12:15,867 - _base.py - update_title_pos
2019-03-31 21:12:15,890 - _base.py - update_title_pos
2019-03-31 21:12:15,910 - _base.py - update_title_pos
2019-03-31 21:12:15,928 - _base.py - update_title_pos
2019-03-31 21:12:15,948 - _base.py - update_title_pos
2019-03-31 21:12:15,970 - _base.py - update_title_pos
2019-03-31 21:12:15,999 - _base.py - update_title_pos
2019-03-31 21:12:16,019 - _base.py - update_title_pos
