2019-03-31 22:49:29,751 - utils.py - New Model Id - 3
2019-03-31 22:49:29,752 - utils.py - 
+--------------------------------------------------------------------------+
2019-03-31 22:49:29,752 - utils.py - |    Father Model ID     |                 Added Operation                 |
2019-03-31 22:49:29,752 - utils.py - +--------------------------------------------------------------------------+
2019-03-31 22:49:29,753 - utils.py - |                        |             to_concat_skip_model 0 1            |
2019-03-31 22:49:29,753 - utils.py - |           0            |              to_add_skip_model 2 5              |
2019-03-31 22:49:29,754 - utils.py - +--------------------------------------------------------------------------+
2019-03-31 22:49:49,896 - utils.py - New Model Id - 4
2019-03-31 22:49:49,896 - utils.py - 
+--------------------------------------------------------------------------+
2019-03-31 22:49:49,896 - utils.py - |    Father Model ID     |                 Added Operation                 |
2019-03-31 22:49:49,896 - utils.py - +--------------------------------------------------------------------------+
2019-03-31 22:49:49,896 - utils.py - |                        |             to_concat_skip_model 4 5            |
2019-03-31 22:49:49,896 - utils.py - |           0            |            to_concat_skip_model 1 19            |
2019-03-31 22:49:49,897 - utils.py - +--------------------------------------------------------------------------+
2019-03-31 22:50:10,507 - utils.py - New Model Id - 5
2019-03-31 22:50:10,507 - utils.py - 
+--------------------------------------------------------------------------+
2019-03-31 22:50:10,507 - utils.py - |    Father Model ID     |                 Added Operation                 |
2019-03-31 22:50:10,507 - utils.py - +--------------------------------------------------------------------------+
2019-03-31 22:50:10,507 - utils.py - |                        |            to_concat_skip_model 2 22            |
2019-03-31 22:50:10,507 - utils.py - |           3            |             to_add_skip_model 17 10             |
2019-03-31 22:50:10,507 - utils.py - |                        |             to_add_skip_model 19 27             |
2019-03-31 22:50:10,507 - utils.py - +--------------------------------------------------------------------------+
2019-03-31 22:50:35,186 - utils.py - New Model Id - 6
2019-03-31 22:50:35,186 - utils.py - 
+--------------------------------------------------------------------------+
2019-03-31 22:50:35,186 - utils.py - |    Father Model ID     |                 Added Operation                 |
2019-03-31 22:50:35,186 - utils.py - +--------------------------------------------------------------------------+
2019-03-31 22:50:35,186 - utils.py - |                        |             to_concat_skip_model 2 9            |
2019-03-31 22:50:35,186 - utils.py - |           3            |             to_concat_skip_model 2 7            |
2019-03-31 22:50:35,186 - utils.py - +--------------------------------------------------------------------------+
2019-03-31 22:50:59,567 - utils.py - New Model Id - 7
2019-03-31 22:50:59,567 - utils.py - 
+--------------------------------------------------------------------------+
2019-03-31 22:50:59,567 - utils.py - |    Father Model ID     |                 Added Operation                 |
2019-03-31 22:50:59,567 - utils.py - +--------------------------------------------------------------------------+
2019-03-31 22:50:59,567 - utils.py - |                        |            to_concat_skip_model 17 8            |
2019-03-31 22:50:59,567 - utils.py - |           3            |             to_concat_skip_model 0 9            |
2019-03-31 22:50:59,567 - utils.py - +--------------------------------------------------------------------------+
2019-03-31 22:51:22,200 - utils.py - New Model Id - 8
2019-03-31 22:51:22,200 - utils.py - 
+--------------------------------------------------------------------------+
2019-03-31 22:51:22,200 - utils.py - |    Father Model ID     |                 Added Operation                 |
2019-03-31 22:51:22,200 - utils.py - +--------------------------------------------------------------------------+
2019-03-31 22:51:22,200 - utils.py - |                        |       to_deeper_model 0 Conv1d(5, 5, 1, 1)      |
2019-03-31 22:51:22,200 - utils.py - |           3            |            to_concat_skip_model 19 6            |
2019-03-31 22:51:22,201 - utils.py - |                        |             to_add_skip_model 19 10             |
2019-03-31 22:51:22,201 - utils.py - +--------------------------------------------------------------------------+
2019-03-31 22:51:46,563 - utils.py - New Model Id - 9
2019-03-31 22:51:46,564 - utils.py - 
+--------------------------------------------------------------------------+
2019-03-31 22:51:46,564 - utils.py - |    Father Model ID     |                 Added Operation                 |
2019-03-31 22:51:46,564 - utils.py - +--------------------------------------------------------------------------+
2019-03-31 22:51:46,564 - utils.py - |                        |            to_concat_skip_model 17 19           |
2019-03-31 22:51:46,564 - utils.py - |           3            |            to_concat_skip_model 21 8            |
2019-03-31 22:51:46,564 - utils.py - |                        |            to_concat_skip_model 19 6            |
2019-03-31 22:51:46,564 - utils.py - +--------------------------------------------------------------------------+
2019-03-31 22:52:11,569 - utils.py - New Model Id - 10
2019-03-31 22:52:11,569 - utils.py - 
+--------------------------------------------------------------------------+
2019-03-31 22:52:11,569 - utils.py - |    Father Model ID     |                 Added Operation                 |
2019-03-31 22:52:11,569 - utils.py - +--------------------------------------------------------------------------+
2019-03-31 22:52:11,569 - utils.py - |                        |            to_concat_skip_model 19 20           |
2019-03-31 22:52:11,569 - utils.py - |           3            |              to_add_skip_model 27 8             |
2019-03-31 22:52:11,569 - utils.py - +--------------------------------------------------------------------------+
2019-03-31 22:52:33,250 - utils.py - New Model Id - 11
2019-03-31 22:52:33,250 - utils.py - 
+--------------------------------------------------------------------------+
2019-03-31 22:52:33,250 - utils.py - |    Father Model ID     |                 Added Operation                 |
2019-03-31 22:52:33,250 - utils.py - +--------------------------------------------------------------------------+
2019-03-31 22:52:33,250 - utils.py - |                        |             to_concat_skip_model 8 9            |
2019-03-31 22:52:33,250 - utils.py - |           3            |       to_deeper_model 0 Conv1d(5, 5, 5, 1)      |
2019-03-31 22:52:33,250 - utils.py - |                        |              to_add_skip_model 0 21             |
2019-03-31 22:52:33,251 - utils.py - +--------------------------------------------------------------------------+
2019-03-31 22:53:05,398 - utils.py - New Model Id - 12
2019-03-31 22:53:05,398 - utils.py - 
+--------------------------------------------------------------------------+
2019-03-31 22:53:05,398 - utils.py - |    Father Model ID     |                 Added Operation                 |
2019-03-31 22:53:05,398 - utils.py - +--------------------------------------------------------------------------+
2019-03-31 22:53:05,398 - utils.py - |                        |              to_add_skip_model 9 10             |
2019-03-31 22:53:05,398 - utils.py - |           3            |            to_concat_skip_model 22 24           |
2019-03-31 22:53:05,398 - utils.py - |                        |     to_deeper_model 21 BatchNormalization1d     |
2019-03-31 22:53:05,398 - utils.py - +--------------------------------------------------------------------------+
2019-03-31 22:53:27,837 - utils.py - New Model Id - 13
2019-03-31 22:53:27,837 - utils.py - 
+--------------------------------------------------------------------------+
2019-03-31 22:53:27,837 - utils.py - |    Father Model ID     |                 Added Operation                 |
2019-03-31 22:53:27,837 - utils.py - +--------------------------------------------------------------------------+
2019-03-31 22:53:27,837 - utils.py - |                        |             to_add_skip_model 22 10             |
2019-03-31 22:53:27,837 - utils.py - |           3            |              to_add_skip_model 0 17             |
2019-03-31 22:53:27,837 - utils.py - |                        |     to_deeper_model 10 Conv1d(64, 64, 1, 1)     |
2019-03-31 22:53:27,837 - utils.py - +--------------------------------------------------------------------------+
2019-03-31 22:54:03,148 - utils.py - New Model Id - 14
2019-03-31 22:54:03,148 - utils.py - 
+--------------------------------------------------------------------------+
2019-03-31 22:54:03,149 - utils.py - |    Father Model ID     |                 Added Operation                 |
2019-03-31 22:54:03,149 - utils.py - +--------------------------------------------------------------------------+
2019-03-31 22:54:03,149 - utils.py - |                        |              to_add_skip_model 19 2             |
2019-03-31 22:54:03,149 - utils.py - |           12           |             to_add_skip_model 17 20             |
2019-03-31 22:54:03,149 - utils.py - |                        |             to_concat_skip_model 6 7            |
2019-03-31 22:54:03,149 - utils.py - +--------------------------------------------------------------------------+
2019-03-31 22:54:44,895 - utils.py - New Model Id - 15
2019-03-31 22:54:44,895 - utils.py - 
+--------------------------------------------------------------------------+
2019-03-31 22:54:44,895 - utils.py - |    Father Model ID     |                 Added Operation                 |
2019-03-31 22:54:44,895 - utils.py - +--------------------------------------------------------------------------+
2019-03-31 22:54:44,895 - utils.py - |                        |              to_add_skip_model 6 7              |
2019-03-31 22:54:44,895 - utils.py - |           12           |              to_add_skip_model 19 6             |
2019-03-31 22:54:44,895 - utils.py - +--------------------------------------------------------------------------+
2019-03-31 22:55:23,482 - utils.py - New Model Id - 16
2019-03-31 22:55:23,483 - utils.py - 
+--------------------------------------------------------------------------+
2019-03-31 22:55:23,483 - utils.py - |    Father Model ID     |                 Added Operation                 |
2019-03-31 22:55:23,483 - utils.py - +--------------------------------------------------------------------------+
2019-03-31 22:55:23,483 - utils.py - |                        |             to_add_skip_model 20 31             |
2019-03-31 22:55:23,483 - utils.py - |           12           |              to_add_skip_model 2 24             |
2019-03-31 22:55:23,483 - utils.py - |                        |              to_add_skip_model 8 25             |
2019-03-31 22:55:23,483 - utils.py - +--------------------------------------------------------------------------+
2019-03-31 22:55:54,793 - utils.py - New Model Id - 17
2019-03-31 22:55:54,793 - utils.py - 
+--------------------------------------------------------------------------+
2019-03-31 22:55:54,793 - utils.py - |    Father Model ID     |                 Added Operation                 |
2019-03-31 22:55:54,793 - utils.py - +--------------------------------------------------------------------------+
2019-03-31 22:55:54,793 - utils.py - |                        |            to_concat_skip_model 6 25            |
2019-03-31 22:55:54,793 - utils.py - |           12           |            to_concat_skip_model 17 24           |
2019-03-31 22:55:54,793 - utils.py - +--------------------------------------------------------------------------+
2019-03-31 22:56:24,454 - utils.py - New Model Id - 18
2019-03-31 22:56:24,454 - utils.py - 
+--------------------------------------------------------------------------+
2019-03-31 22:56:24,454 - utils.py - |    Father Model ID     |                 Added Operation                 |
2019-03-31 22:56:24,454 - utils.py - +--------------------------------------------------------------------------+
2019-03-31 22:56:24,454 - utils.py - |                        |            to_concat_skip_model 17 2            |
2019-03-31 22:56:24,454 - utils.py - |           12           |             to_add_skip_model 17 34             |
2019-03-31 22:56:24,454 - utils.py - |                        |             to_add_skip_model 19 24             |
2019-03-31 22:56:24,454 - utils.py - +--------------------------------------------------------------------------+
2019-03-31 22:56:54,734 - utils.py - New Model Id - 19
2019-03-31 22:56:54,734 - utils.py - 
+--------------------------------------------------------------------------+
2019-03-31 22:56:54,734 - utils.py - |    Father Model ID     |                 Added Operation                 |
2019-03-31 22:56:54,734 - utils.py - +--------------------------------------------------------------------------+
2019-03-31 22:56:54,734 - utils.py - |                        |            to_concat_skip_model 19 6            |
2019-03-31 22:56:54,734 - utils.py - |           12           |            to_concat_skip_model 20 21           |
2019-03-31 22:56:54,735 - utils.py - +--------------------------------------------------------------------------+
2019-03-31 22:57:20,117 - utils.py - New Model Id - 20
2019-03-31 22:57:20,117 - utils.py - 
+--------------------------------------------------------------------------+
2019-03-31 22:57:20,117 - utils.py - |    Father Model ID     |                 Added Operation                 |
2019-03-31 22:57:20,117 - utils.py - +--------------------------------------------------------------------------+
2019-03-31 22:57:20,117 - utils.py - |                        |            to_concat_skip_model 17 20           |
2019-03-31 22:57:20,117 - utils.py - |           12           |            to_concat_skip_model 9 30            |
2019-03-31 22:57:20,117 - utils.py - |                        |            to_concat_skip_model 22 7            |
2019-03-31 22:57:20,117 - utils.py - +--------------------------------------------------------------------------+
2019-03-31 22:58:00,455 - utils.py - New Model Id - 21
2019-03-31 22:58:00,455 - utils.py - 
+--------------------------------------------------------------------------+
2019-03-31 22:58:00,455 - utils.py - |    Father Model ID     |                 Added Operation                 |
2019-03-31 22:58:00,455 - utils.py - +--------------------------------------------------------------------------+
2019-03-31 22:58:00,456 - utils.py - |                        |              to_add_skip_model 22 7             |
2019-03-31 22:58:00,456 - utils.py - |           12           |            to_concat_skip_model 32 8            |
2019-03-31 22:58:00,456 - utils.py - +--------------------------------------------------------------------------+
2019-03-31 22:58:27,881 - utils.py - New Model Id - 22
2019-03-31 22:58:27,881 - utils.py - 
+--------------------------------------------------------------------------+
2019-03-31 22:58:27,881 - utils.py - |    Father Model ID     |                 Added Operation                 |
2019-03-31 22:58:27,881 - utils.py - +--------------------------------------------------------------------------+
2019-03-31 22:58:27,882 - utils.py - |                        |             to_concat_skip_model 6 7            |
2019-03-31 22:58:27,882 - utils.py - |           12           |     to_deeper_model 17 BatchNormalization1d     |
2019-03-31 22:58:27,882 - utils.py - |                        |     to_deeper_model 24 Conv1d(64, 64, 3, 1)     |
2019-03-31 22:58:27,882 - utils.py - +--------------------------------------------------------------------------+
2019-03-31 22:59:04,027 - utils.py - New Model Id - 23
2019-03-31 22:59:04,027 - utils.py - 
+--------------------------------------------------------------------------+
2019-03-31 22:59:04,027 - utils.py - |    Father Model ID     |                 Added Operation                 |
2019-03-31 22:59:04,027 - utils.py - +--------------------------------------------------------------------------+
2019-03-31 22:59:04,027 - utils.py - |                        |            to_concat_skip_model 17 2            |
2019-03-31 22:59:04,027 - utils.py - |           12           |             to_concat_skip_model 0 2            |
2019-03-31 22:59:04,027 - utils.py - |                        |             to_deeper_model 20 ReLU             |
2019-03-31 22:59:04,027 - utils.py - +--------------------------------------------------------------------------+
2019-03-31 22:59:40,193 - utils.py - New Model Id - 24
2019-03-31 22:59:40,193 - utils.py - 
+--------------------------------------------------------------------------+
2019-03-31 22:59:40,193 - utils.py - |    Father Model ID     |                 Added Operation                 |
2019-03-31 22:59:40,193 - utils.py - +--------------------------------------------------------------------------+
2019-03-31 22:59:40,193 - utils.py - |                        |     to_deeper_model 22 Conv1d(64, 64, 1, 1)     |
2019-03-31 22:59:40,193 - utils.py - |                        |            to_concat_skip_model 0 30            |
2019-03-31 22:59:40,193 - utils.py - |           12           |             to_deeper_model 31 ReLU             |
2019-03-31 22:59:40,193 - utils.py - |                        |              to_deeper_model 6 ReLU             |
2019-03-31 22:59:40,193 - utils.py - +--------------------------------------------------------------------------+
2019-03-31 23:00:14,435 - utils.py - New Model Id - 25
2019-03-31 23:00:14,435 - utils.py - 
+--------------------------------------------------------------------------+
2019-03-31 23:00:14,435 - utils.py - |    Father Model ID     |                 Added Operation                 |
2019-03-31 23:00:14,435 - utils.py - +--------------------------------------------------------------------------+
2019-03-31 23:00:14,435 - utils.py - |                        |              to_add_skip_model 7 24             |
2019-03-31 23:00:14,435 - utils.py - |           12           |             to_concat_skip_model 2 7            |
2019-03-31 23:00:14,435 - utils.py - |                        |       to_deeper_model 0 Conv1d(5, 5, 1, 1)      |
2019-03-31 23:00:14,435 - utils.py - +--------------------------------------------------------------------------+
2019-03-31 23:00:46,083 - utils.py - New Model Id - 26
2019-03-31 23:00:46,083 - utils.py - 
+--------------------------------------------------------------------------+
2019-03-31 23:00:46,083 - utils.py - |    Father Model ID     |                 Added Operation                 |
2019-03-31 23:00:46,083 - utils.py - +--------------------------------------------------------------------------+
2019-03-31 23:00:46,083 - utils.py - |                        |            to_concat_skip_model 0 31            |
2019-03-31 23:00:46,083 - utils.py - |           12           |            to_concat_skip_model 0 19            |
2019-03-31 23:00:46,083 - utils.py - +--------------------------------------------------------------------------+
2019-03-31 23:01:16,366 - utils.py - New Model Id - 27
2019-03-31 23:01:16,366 - utils.py - 
+--------------------------------------------------------------------------+
2019-03-31 23:01:16,367 - utils.py - |    Father Model ID     |                 Added Operation                 |
2019-03-31 23:01:16,367 - utils.py - +--------------------------------------------------------------------------+
2019-03-31 23:01:16,367 - utils.py - |                        |             to_add_skip_model 20 24             |
2019-03-31 23:01:16,367 - utils.py - |           12           |            to_concat_skip_model 8 30            |
2019-03-31 23:01:16,367 - utils.py - |                        |              to_add_skip_model 2 30             |
2019-03-31 23:01:16,367 - utils.py - +--------------------------------------------------------------------------+
2019-03-31 23:01:46,043 - utils.py - New Model Id - 28
2019-03-31 23:01:46,043 - utils.py - 
+--------------------------------------------------------------------------+
2019-03-31 23:01:46,043 - utils.py - |    Father Model ID     |                 Added Operation                 |
2019-03-31 23:01:46,043 - utils.py - +--------------------------------------------------------------------------+
2019-03-31 23:01:46,044 - utils.py - |                        |             to_add_skip_model 19 25             |
2019-03-31 23:01:46,044 - utils.py - |           12           |              to_add_skip_model 31 8             |
2019-03-31 23:01:46,044 - utils.py - |                        |              to_add_skip_model 20 7             |
2019-03-31 23:01:46,044 - utils.py - +--------------------------------------------------------------------------+
2019-03-31 23:02:45,991 - utils.py - New Model Id - 29
2019-03-31 23:02:45,991 - utils.py - 
+--------------------------------------------------------------------------+
2019-03-31 23:02:45,991 - utils.py - |    Father Model ID     |                 Added Operation                 |
2019-03-31 23:02:45,991 - utils.py - +--------------------------------------------------------------------------+
2019-03-31 23:02:45,991 - utils.py - |                        |             to_concat_skip_model 7 8            |
2019-03-31 23:02:45,991 - utils.py - |           12           |            to_concat_skip_model 31 6            |
2019-03-31 23:02:45,991 - utils.py - |                        |             to_add_skip_model 31 24             |
2019-03-31 23:02:45,991 - utils.py - +--------------------------------------------------------------------------+
2019-03-31 23:03:20,712 - utils.py - New Model Id - 30
2019-03-31 23:03:20,712 - utils.py - 
+--------------------------------------------------------------------------+
2019-03-31 23:03:20,712 - utils.py - |    Father Model ID     |                 Added Operation                 |
2019-03-31 23:03:20,712 - utils.py - +--------------------------------------------------------------------------+
2019-03-31 23:03:20,712 - utils.py - |                        |              to_add_skip_model 19 2             |
2019-03-31 23:03:20,712 - utils.py - |           12           |            to_concat_skip_model 6 30            |
2019-03-31 23:03:20,712 - utils.py - +--------------------------------------------------------------------------+
2019-03-31 23:03:47,927 - utils.py - New Model Id - 31
2019-03-31 23:03:47,927 - utils.py - 
+--------------------------------------------------------------------------+
2019-03-31 23:03:47,927 - utils.py - |    Father Model ID     |                 Added Operation                 |
2019-03-31 23:03:47,928 - utils.py - +--------------------------------------------------------------------------+
2019-03-31 23:03:47,928 - utils.py - |                        |             to_add_skip_model 21 22             |
2019-03-31 23:03:47,928 - utils.py - |           12           |            to_concat_skip_model 21 30           |
2019-03-31 23:03:47,928 - utils.py - |                        |       to_deeper_model 0 Conv1d(5, 5, 1, 1)      |
2019-03-31 23:03:47,928 - utils.py - +--------------------------------------------------------------------------+
2019-03-31 23:04:15,529 - utils.py - New Model Id - 32
2019-03-31 23:04:15,529 - utils.py - 
+--------------------------------------------------------------------------+
2019-03-31 23:04:15,529 - utils.py - |    Father Model ID     |                 Added Operation                 |
2019-03-31 23:04:15,529 - utils.py - +--------------------------------------------------------------------------+
2019-03-31 23:04:15,529 - utils.py - |                        |            to_concat_skip_model 2 22            |
2019-03-31 23:04:15,529 - utils.py - |           12           |              to_add_skip_model 22 7             |
2019-03-31 23:04:15,529 - utils.py - |                        |              to_add_skip_model 19 2             |
2019-03-31 23:04:15,529 - utils.py - +--------------------------------------------------------------------------+
2019-03-31 23:04:58,305 - utils.py - New Model Id - 33
2019-03-31 23:04:58,305 - utils.py - 
+--------------------------------------------------------------------------+
2019-03-31 23:04:58,305 - utils.py - |    Father Model ID     |                 Added Operation                 |
2019-03-31 23:04:58,305 - utils.py - +--------------------------------------------------------------------------+
2019-03-31 23:04:58,305 - utils.py - |                        |            to_concat_skip_model 9 24            |
2019-03-31 23:04:58,305 - utils.py - |                        |      to_deeper_model 8 BatchNormalization1d     |
2019-03-31 23:04:58,305 - utils.py - |           12           |     to_deeper_model 32 Conv1d(64, 64, 3, 1)     |
2019-03-31 23:04:58,306 - utils.py - |                        |      to_deeper_model 2 BatchNormalization1d     |
2019-03-31 23:04:58,306 - utils.py - +--------------------------------------------------------------------------+
2019-03-31 23:05:33,395 - utils.py - New Model Id - 34
2019-03-31 23:05:33,395 - utils.py - 
+--------------------------------------------------------------------------+
2019-03-31 23:05:33,395 - utils.py - |    Father Model ID     |                 Added Operation                 |
2019-03-31 23:05:33,396 - utils.py - +--------------------------------------------------------------------------+
2019-03-31 23:05:33,396 - utils.py - |                        |            to_concat_skip_model 21 9            |
2019-03-31 23:05:33,396 - utils.py - |           12           |            to_concat_skip_model 17 20           |
2019-03-31 23:05:33,396 - utils.py - |                        |             to_deeper_model 35 ReLU             |
2019-03-31 23:05:33,396 - utils.py - +--------------------------------------------------------------------------+
2019-03-31 23:06:02,739 - utils.py - New Model Id - 35
2019-03-31 23:06:02,739 - utils.py - 
+--------------------------------------------------------------------------+
2019-03-31 23:06:02,739 - utils.py - |    Father Model ID     |                 Added Operation                 |
2019-03-31 23:06:02,739 - utils.py - +--------------------------------------------------------------------------+
2019-03-31 23:06:02,739 - utils.py - |                        |            to_concat_skip_model 2 22            |
2019-03-31 23:06:02,739 - utils.py - |           12           |              to_add_skip_model 0 6              |
2019-03-31 23:06:02,739 - utils.py - |                        |     to_deeper_model 25 BatchNormalization1d     |
2019-03-31 23:06:02,740 - utils.py - +--------------------------------------------------------------------------+
2019-03-31 23:06:40,925 - utils.py - New Model Id - 36
2019-03-31 23:06:40,925 - utils.py - 
+--------------------------------------------------------------------------+
2019-03-31 23:06:40,925 - utils.py - |    Father Model ID     |                 Added Operation                 |
2019-03-31 23:06:40,925 - utils.py - +--------------------------------------------------------------------------+
2019-03-31 23:06:40,925 - utils.py - |                        |             to_concat_skip_model 6 9            |
2019-03-31 23:06:40,926 - utils.py - |           12           |              to_add_skip_model 0 21             |
2019-03-31 23:06:40,926 - utils.py - |                        |     to_deeper_model 11 BatchNormalization1d     |
2019-03-31 23:06:40,926 - utils.py - +--------------------------------------------------------------------------+
2019-03-31 23:07:11,653 - utils.py - New Model Id - 37
2019-03-31 23:07:11,654 - utils.py - 
+--------------------------------------------------------------------------+
2019-03-31 23:07:11,654 - utils.py - |    Father Model ID     |                 Added Operation                 |
2019-03-31 23:07:11,654 - utils.py - +--------------------------------------------------------------------------+
2019-03-31 23:07:11,654 - utils.py - |                        |             to_concat_skip_model 6 9            |
2019-03-31 23:07:11,654 - utils.py - |           12           |              to_add_skip_model 17 7             |
2019-03-31 23:07:11,654 - utils.py - |                        |            to_concat_skip_model 7 24            |
2019-03-31 23:07:11,654 - utils.py - +--------------------------------------------------------------------------+
2019-03-31 23:07:51,968 - utils.py - New Model Id - 38
2019-03-31 23:07:51,968 - utils.py - 
+--------------------------------------------------------------------------+
2019-03-31 23:07:51,968 - utils.py - |    Father Model ID     |                 Added Operation                 |
2019-03-31 23:07:51,968 - utils.py - +--------------------------------------------------------------------------+
2019-03-31 23:07:51,968 - utils.py - |                        |              to_add_skip_model 0 7              |
2019-03-31 23:07:51,969 - utils.py - |                        |              to_add_skip_model 20 7             |
2019-03-31 23:07:51,969 - utils.py - |           12           |      to_deeper_model 0 BatchNormalization1d     |
2019-03-31 23:07:51,969 - utils.py - |                        |            to_concat_skip_model 31 22           |
2019-03-31 23:07:51,969 - utils.py - +--------------------------------------------------------------------------+
2019-03-31 23:08:27,596 - utils.py - New Model Id - 39
2019-03-31 23:08:27,597 - utils.py - 
+--------------------------------------------------------------------------+
2019-03-31 23:08:27,597 - utils.py - |    Father Model ID     |                 Added Operation                 |
2019-03-31 23:08:27,597 - utils.py - +--------------------------------------------------------------------------+
2019-03-31 23:08:27,597 - utils.py - |                        |            to_concat_skip_model 19 20           |
2019-03-31 23:08:27,597 - utils.py - |           12           |            to_concat_skip_model 33 21           |
2019-03-31 23:08:27,597 - utils.py - +--------------------------------------------------------------------------+
2019-03-31 23:08:59,461 - utils.py - New Model Id - 40
2019-03-31 23:08:59,462 - utils.py - 
+--------------------------------------------------------------------------+
2019-03-31 23:08:59,462 - utils.py - |    Father Model ID     |                 Added Operation                 |
2019-03-31 23:08:59,462 - utils.py - +--------------------------------------------------------------------------+
2019-03-31 23:08:59,462 - utils.py - |                        |             to_add_skip_model 22 30             |
2019-03-31 23:08:59,462 - utils.py - |           12           |              to_add_skip_model 0 6              |
2019-03-31 23:08:59,462 - utils.py - |                        |             to_add_skip_model 31 22             |
2019-03-31 23:08:59,462 - utils.py - +--------------------------------------------------------------------------+
2019-03-31 23:10:48,078 - _base.py - update_title_pos
2019-03-31 23:10:48,090 - font_manager.py - findfont: Matching :family=sans-serif:style=normal:variant=normal:weight=normal:stretch=normal:size=10.0 to DejaVu Sans ('C:\\Anaconda3\\envs\\neuroling_project\\lib\\site-packages\\matplotlib\\mpl-data\\fonts\\ttf\\DejaVuSans.ttf') with score of 0.050000.
2019-03-31 23:10:48,134 - _base.py - update_title_pos
2019-03-31 23:10:48,169 - _base.py - update_title_pos
2019-03-31 23:10:48,196 - _base.py - update_title_pos
