=========================================Start of Log==============================================
Trained model WideDenseNet-0.json
Sunday March 31,2019 09:51PM
Dataset dir: C:\Users\Fabi\ownCloud\workspace\uni\7\neuroling\neuroling_project\data\v1
_________________________________________________________________
Layer (type)                 Output Shape              Param #   
=================================================================
input_1 (InputLayer)         (None, 64, 5)             0         
_________________________________________________________________
flatten_1 (Flatten)          (None, 320)               0         
_________________________________________________________________
0fc0 (Dense)                 (None, 256)               82176     
_________________________________________________________________
0fc1 (Dense)                 (None, 64)                16448     
_________________________________________________________________
0fc2 (Dense)                 (None, 1)                 65        
=================================================================
Total params: 98,689
Trainable params: 98,689
Non-trainable params: 0
_________________________________________________________________
___________Parameters:______________
Batch size    : 128
Epochs       : 10000
Learning rate : 0.02
___________Metrics___________________
Loss          : 0.3921387429871311
MSE      : 0.508670526605121
=========================================End of Log=================================================
====================================================================================================
----------------------------------------------------------------------------------------------------
=========================================Start of Log==============================================
Trained model WideDenseNet-1.json
Sunday March 31,2019 10:23PM
Dataset dir: C:\Users\Fabi\ownCloud\workspace\uni\7\neuroling\neuroling_project\data\v1
_________________________________________________________________
Layer (type)                 Output Shape              Param #   
=================================================================
input_1 (InputLayer)         (None, 64, 5)             0         
_________________________________________________________________
flatten_1 (Flatten)          (None, 320)               0         
_________________________________________________________________
0fc0 (Dense)                 (None, 256)               82176     
_________________________________________________________________
0fc1 (Dense)                 (None, 64)                16448     
_________________________________________________________________
0fc2 (Dense)                 (None, 1)                 65        
=================================================================
Total params: 98,689
Trainable params: 98,689
Non-trainable params: 0
_________________________________________________________________
___________Parameters:______________
Batch size    : 128
Epochs       : 10000
Learning rate : 0.02
___________Metrics___________________
Loss          : 0.3905106379806651
MSE      : 0.505774787912479
=========================================End of Log=================================================
====================================================================================================
----------------------------------------------------------------------------------------------------
=========================================Start of Log==============================================
Trained model WideDenseNet-2.json
Sunday March 31,2019 10:30PM
Dataset dir: C:\Users\Fabi\ownCloud\workspace\uni\7\neuroling\neuroling_project\data\v1
_________________________________________________________________
Layer (type)                 Output Shape              Param #   
=================================================================
input_1 (InputLayer)         (None, 64, 5)             0         
_________________________________________________________________
flatten_1 (Flatten)          (None, 320)               0         
_________________________________________________________________
0fc0 (Dense)                 (None, 256)               82176     
_________________________________________________________________
0fc1 (Dense)                 (None, 64)                16448     
_________________________________________________________________
0fc2 (Dense)                 (None, 1)                 65        
=================================================================
Total params: 98,689
Trainable params: 98,689
Non-trainable params: 0
_________________________________________________________________
___________Parameters:______________
Batch size    : 128
Epochs       : 10000
Learning rate : 0.02
___________Metrics___________________
Loss          : 0.154226843073878
MSE      : 0.3378447390705175
=========================================End of Log=================================================
====================================================================================================
----------------------------------------------------------------------------------------------------
