=========================================Start of Log==============================================
Trained model SmallDenseNet-0.json
Sunday March 31,2019 09:50PM
Dataset dir: C:\Users\Fabi\ownCloud\workspace\uni\7\neuroling\neuroling_project\data\v1
_________________________________________________________________
Layer (type)                 Output Shape              Param #   
=================================================================
input_1 (InputLayer)         (None, 64, 5)             0         
_________________________________________________________________
flatten_1 (Flatten)          (None, 320)               0         
_________________________________________________________________
1fc2 (Dense)                 (None, 1)                 321       
=================================================================
Total params: 321
Trainable params: 321
Non-trainable params: 0
_________________________________________________________________
___________Parameters:______________
Batch size    : 128
Epochs       : 10000
Learning rate : 0.02
___________Metrics___________________
Loss          : 0.15589324260033624
MSE      : 0.3423414364715532
=========================================End of Log=================================================
====================================================================================================
----------------------------------------------------------------------------------------------------
=========================================Start of Log==============================================
Trained model SmallDenseNet-1.json
Sunday March 31,2019 10:22PM
Dataset dir: C:\Users\Fabi\ownCloud\workspace\uni\7\neuroling\neuroling_project\data\v1
_________________________________________________________________
Layer (type)                 Output Shape              Param #   
=================================================================
input_1 (InputLayer)         (None, 64, 5)             0         
_________________________________________________________________
flatten_1 (Flatten)          (None, 320)               0         
_________________________________________________________________
1fc2 (Dense)                 (None, 1)                 321       
=================================================================
Total params: 321
Trainable params: 321
Non-trainable params: 0
_________________________________________________________________
___________Parameters:______________
Batch size    : 128
Epochs       : 10000
Learning rate : 0.02
___________Metrics___________________
Loss          : 0.18136435325090597
MSE      : 0.36062703018932674
=========================================End of Log=================================================
====================================================================================================
----------------------------------------------------------------------------------------------------
=========================================Start of Log==============================================
Trained model SmallDenseNet-2.json
Sunday March 31,2019 10:29PM
Dataset dir: C:\Users\Fabi\ownCloud\workspace\uni\7\neuroling\neuroling_project\data\v1
_________________________________________________________________
Layer (type)                 Output Shape              Param #   
=================================================================
input_1 (InputLayer)         (None, 64, 5)             0         
_________________________________________________________________
flatten_1 (Flatten)          (None, 320)               0         
_________________________________________________________________
1fc2 (Dense)                 (None, 1)                 321       
=================================================================
Total params: 321
Trainable params: 321
Non-trainable params: 0
_________________________________________________________________
___________Parameters:______________
Batch size    : 128
Epochs       : 10000
Learning rate : 0.02
___________Metrics___________________
Loss          : 0.1626390130016845
MSE      : 0.34865260744370474
=========================================End of Log=================================================
====================================================================================================
----------------------------------------------------------------------------------------------------
=========================================Start of Log==============================================
Trained model SmallDenseNet-3.json
Sunday March 31,2019 11:15PM
Dataset dir: C:\Users\Fabi\ownCloud\workspace\uni\7\neuroling\neuroling_project\data\v1
_________________________________________________________________
Layer (type)                 Output Shape              Param #   
=================================================================
input_1 (InputLayer)         (None, 64, 5)             0         
_________________________________________________________________
flatten_1 (Flatten)          (None, 320)               0         
_________________________________________________________________
1fc2 (Dense)                 (None, 1)                 321       
=================================================================
Total params: 321
Trainable params: 321
Non-trainable params: 0
_________________________________________________________________
___________Parameters:______________
Batch size    : 128
Epochs       : 10000
Learning rate : 0.02
___________Metrics___________________
Loss          : 0.16513178062576778
MSE      : 0.35321221634142663
=========================================End of Log=================================================
====================================================================================================
----------------------------------------------------------------------------------------------------
