=========================================Start of Log==============================================
Trained model MediumConv1DNet-0.json
Sunday March 31,2019 09:51PM
Dataset dir: C:\Users\Fabi\ownCloud\workspace\uni\7\neuroling\neuroling_project\data\v1
_________________________________________________________________
Layer (type)                 Output Shape              Param #   
=================================================================
input_1 (InputLayer)         (None, 64, 5)             0         
_________________________________________________________________
0c0 (Conv1D)                 (None, 1, 5)              1605      
_________________________________________________________________
flatten_1 (Flatten)          (None, 5)                 0         
_________________________________________________________________
0fc0 (Dense)                 (None, 256)               1536      
_________________________________________________________________
0fc1 (Dense)                 (None, 64)                16448     
_________________________________________________________________
0fc2 (Dense)                 (None, 8)                 520       
_________________________________________________________________
0fc3 (Dense)                 (None, 1)                 9         
=================================================================
Total params: 20,118
Trainable params: 20,118
Non-trainable params: 0
_________________________________________________________________
___________Parameters:______________
Batch size    : 128
Epochs       : 10000
Learning rate : 0.02
___________Metrics___________________
Loss          : 0.137104957692885
MSE      : 0.32631883783147514
=========================================End of Log=================================================
====================================================================================================
----------------------------------------------------------------------------------------------------
=========================================Start of Log==============================================
Trained model MediumConv1DNet-1.json
Sunday March 31,2019 10:23PM
Dataset dir: C:\Users\Fabi\ownCloud\workspace\uni\7\neuroling\neuroling_project\data\v1
_________________________________________________________________
Layer (type)                 Output Shape              Param #   
=================================================================
input_1 (InputLayer)         (None, 64, 5)             0         
_________________________________________________________________
0c0 (Conv1D)                 (None, 1, 5)              1605      
_________________________________________________________________
flatten_1 (Flatten)          (None, 5)                 0         
_________________________________________________________________
0fc0 (Dense)                 (None, 256)               1536      
_________________________________________________________________
0fc1 (Dense)                 (None, 64)                16448     
_________________________________________________________________
0fc2 (Dense)                 (None, 8)                 520       
_________________________________________________________________
0fc3 (Dense)                 (None, 1)                 9         
=================================================================
Total params: 20,118
Trainable params: 20,118
Non-trainable params: 0
_________________________________________________________________
___________Parameters:______________
Batch size    : 128
Epochs       : 10000
Learning rate : 0.02
___________Metrics___________________
Loss          : 0.13765812815958364
MSE      : 0.3290496372074061
=========================================End of Log=================================================
====================================================================================================
----------------------------------------------------------------------------------------------------
=========================================Start of Log==============================================
Trained model MediumConv1DNet-2.json
Sunday March 31,2019 10:30PM
Dataset dir: C:\Users\Fabi\ownCloud\workspace\uni\7\neuroling\neuroling_project\data\v1
_________________________________________________________________
Layer (type)                 Output Shape              Param #   
=================================================================
input_1 (InputLayer)         (None, 64, 5)             0         
_________________________________________________________________
0c0 (Conv1D)                 (None, 1, 5)              1605      
_________________________________________________________________
flatten_1 (Flatten)          (None, 5)                 0         
_________________________________________________________________
0fc0 (Dense)                 (None, 256)               1536      
_________________________________________________________________
0fc1 (Dense)                 (None, 64)                16448     
_________________________________________________________________
0fc2 (Dense)                 (None, 8)                 520       
_________________________________________________________________
0fc3 (Dense)                 (None, 1)                 9         
=================================================================
Total params: 20,118
Trainable params: 20,118
Non-trainable params: 0
_________________________________________________________________
___________Parameters:______________
Batch size    : 128
Epochs       : 10000
Learning rate : 0.02
___________Metrics___________________
Loss          : 0.14003431685053544
MSE      : 0.32515802600480226
=========================================End of Log=================================================
====================================================================================================
----------------------------------------------------------------------------------------------------
=========================================Start of Log==============================================
Trained model MediumConv1DNet-3.json
Sunday March 31,2019 11:16PM
Dataset dir: C:\Users\Fabi\ownCloud\workspace\uni\7\neuroling\neuroling_project\data\v1
_________________________________________________________________
Layer (type)                 Output Shape              Param #   
=================================================================
input_1 (InputLayer)         (None, 64, 5)             0         
_________________________________________________________________
0c0 (Conv1D)                 (None, 1, 5)              1605      
_________________________________________________________________
flatten_1 (Flatten)          (None, 5)                 0         
_________________________________________________________________
0fc0 (Dense)                 (None, 256)               1536      
_________________________________________________________________
0fc1 (Dense)                 (None, 64)                16448     
_________________________________________________________________
0fc2 (Dense)                 (None, 8)                 520       
_________________________________________________________________
0fc3 (Dense)                 (None, 1)                 9         
=================================================================
Total params: 20,118
Trainable params: 20,118
Non-trainable params: 0
_________________________________________________________________
___________Parameters:______________
Batch size    : 128
Epochs       : 10000
Learning rate : 0.02
___________Metrics___________________
Loss          : 0.1425665001562565
MSE      : 0.33260649821661803
=========================================End of Log=================================================
====================================================================================================
----------------------------------------------------------------------------------------------------
