2019-03-27 00:29:42,802 - utils.py - New Model Id - 3
2019-03-27 00:29:42,803 - utils.py - 
+--------------------------------------------------------------------------+
2019-03-27 00:29:42,803 - utils.py - |    Father Model ID     |                 Added Operation                 |
2019-03-27 00:29:42,803 - utils.py - +--------------------------------------------------------------------------+
2019-03-27 00:29:42,803 - utils.py - |                        |             to_concat_skip_model 0 1            |
2019-03-27 00:29:42,803 - utils.py - |           0            |              to_add_skip_model 0 2              |
2019-03-27 00:29:42,807 - utils.py - +--------------------------------------------------------------------------+
2019-03-27 00:29:55,148 - utils.py - New Model Id - 4
2019-03-27 00:29:55,148 - utils.py - 
+--------------------------------------------------------------------------+
2019-03-27 00:29:55,148 - utils.py - |    Father Model ID     |                 Added Operation                 |
2019-03-27 00:29:55,148 - utils.py - +--------------------------------------------------------------------------+
2019-03-27 00:29:55,148 - utils.py - |                        |             to_concat_skip_model 6 7            |
2019-03-27 00:29:55,148 - utils.py - |           0            |              to_add_skip_model 4 18             |
2019-03-27 00:29:55,148 - utils.py - +--------------------------------------------------------------------------+
2019-03-27 00:30:06,637 - utils.py - New Model Id - 5
2019-03-27 00:30:06,637 - utils.py - 
+--------------------------------------------------------------------------+
2019-03-27 00:30:06,637 - utils.py - |    Father Model ID     |                 Added Operation                 |
2019-03-27 00:30:06,637 - utils.py - +--------------------------------------------------------------------------+
2019-03-27 00:30:06,637 - utils.py - |                        |              to_add_skip_model 2 8              |
2019-03-27 00:30:06,637 - utils.py - |           0            |             to_concat_skip_model 0 4            |
2019-03-27 00:30:06,637 - utils.py - |                        |              to_add_skip_model 2 7              |
2019-03-27 00:30:06,637 - utils.py - +--------------------------------------------------------------------------+
2019-03-27 00:30:17,592 - utils.py - New Model Id - 6
2019-03-27 00:30:17,592 - utils.py - 
+--------------------------------------------------------------------------+
2019-03-27 00:30:17,592 - utils.py - |    Father Model ID     |                 Added Operation                 |
2019-03-27 00:30:17,592 - utils.py - +--------------------------------------------------------------------------+
2019-03-27 00:30:17,592 - utils.py - |                        |             to_concat_skip_model 0 9            |
2019-03-27 00:30:17,592 - utils.py - |                        |      to_deeper_model 3 BatchNormalization1d     |
2019-03-27 00:30:17,592 - utils.py - |           0            |            to_concat_skip_model 0 21            |
2019-03-27 00:30:17,592 - utils.py - |                        |               to_wider_model 21 64              |
2019-03-27 00:30:17,592 - utils.py - +--------------------------------------------------------------------------+
2019-03-27 00:30:30,132 - utils.py - New Model Id - 7
2019-03-27 00:30:30,132 - utils.py - 
+--------------------------------------------------------------------------+
2019-03-27 00:30:30,132 - utils.py - |    Father Model ID     |                 Added Operation                 |
2019-03-27 00:30:30,132 - utils.py - +--------------------------------------------------------------------------+
2019-03-27 00:30:30,132 - utils.py - |                        |              to_add_skip_model 1 2              |
2019-03-27 00:30:30,132 - utils.py - |           0            |            to_concat_skip_model 18 6            |
2019-03-27 00:30:30,132 - utils.py - +--------------------------------------------------------------------------+
2019-03-27 00:30:41,016 - utils.py - New Model Id - 8
2019-03-27 00:30:41,016 - utils.py - 
+--------------------------------------------------------------------------+
2019-03-27 00:30:41,016 - utils.py - |    Father Model ID     |                 Added Operation                 |
2019-03-27 00:30:41,016 - utils.py - +--------------------------------------------------------------------------+
2019-03-27 00:30:41,016 - utils.py - |                        |              to_add_skip_model 8 9              |
2019-03-27 00:30:41,016 - utils.py - |           0            |             to_concat_skip_model 5 6            |
2019-03-27 00:30:41,016 - utils.py - +--------------------------------------------------------------------------+
2019-03-27 00:30:51,505 - utils.py - New Model Id - 9
2019-03-27 00:30:51,505 - utils.py - 
+--------------------------------------------------------------------------+
2019-03-27 00:30:51,505 - utils.py - |    Father Model ID     |                 Added Operation                 |
2019-03-27 00:30:51,505 - utils.py - +--------------------------------------------------------------------------+
2019-03-27 00:30:51,505 - utils.py - |                        |              to_add_skip_model 4 5              |
2019-03-27 00:30:51,505 - utils.py - |           0            |              to_add_skip_model 2 3              |
2019-03-27 00:30:51,505 - utils.py - +--------------------------------------------------------------------------+
2019-03-27 00:31:02,194 - utils.py - New Model Id - 10
2019-03-27 00:31:02,195 - utils.py - 
+--------------------------------------------------------------------------+
2019-03-27 00:31:02,195 - utils.py - |    Father Model ID     |                 Added Operation                 |
2019-03-27 00:31:02,195 - utils.py - +--------------------------------------------------------------------------+
2019-03-27 00:31:02,195 - utils.py - |                        |              to_add_skip_model 8 9              |
2019-03-27 00:31:02,195 - utils.py - |                        |      to_deeper_model 3 Conv1d(64, 64, 1, 1)     |
2019-03-27 00:31:02,195 - utils.py - |           0            |            to_concat_skip_model 7 10            |
2019-03-27 00:31:02,195 - utils.py - |                        |             to_concat_skip_model 7 8            |
2019-03-27 00:31:02,195 - utils.py - +--------------------------------------------------------------------------+
2019-03-27 00:31:14,601 - utils.py - New Model Id - 11
2019-03-27 00:31:14,601 - utils.py - 
+--------------------------------------------------------------------------+
2019-03-27 00:31:14,601 - utils.py - |    Father Model ID     |                 Added Operation                 |
2019-03-27 00:31:14,601 - utils.py - +--------------------------------------------------------------------------+
2019-03-27 00:31:14,601 - utils.py - |                        |              to_add_skip_model 4 5              |
2019-03-27 00:31:14,601 - utils.py - |           0            |              to_add_skip_model 7 8              |
2019-03-27 00:31:14,601 - utils.py - |                        |      to_deeper_model 9 Conv1d(64, 64, 3, 1)     |
2019-03-27 00:31:14,601 - utils.py - +--------------------------------------------------------------------------+
2019-03-27 00:31:24,917 - utils.py - New Model Id - 12
2019-03-27 00:31:24,917 - utils.py - 
+--------------------------------------------------------------------------+
2019-03-27 00:31:24,917 - utils.py - |    Father Model ID     |                 Added Operation                 |
2019-03-27 00:31:24,917 - utils.py - +--------------------------------------------------------------------------+
2019-03-27 00:31:24,917 - utils.py - |                        |             to_concat_skip_model 7 8            |
2019-03-27 00:31:24,917 - utils.py - |           0            |            to_concat_skip_model 1 10            |
2019-03-27 00:31:24,917 - utils.py - |                        |              to_add_skip_model 2 7              |
2019-03-27 00:31:24,917 - utils.py - +--------------------------------------------------------------------------+
2019-03-27 00:31:38,684 - utils.py - New Model Id - 13
2019-03-27 00:31:38,685 - utils.py - 
+--------------------------------------------------------------------------+
2019-03-27 00:31:38,685 - utils.py - |    Father Model ID     |                 Added Operation                 |
2019-03-27 00:31:38,685 - utils.py - +--------------------------------------------------------------------------+
2019-03-27 00:31:38,685 - utils.py - |                        |             to_concat_skip_model 1 3            |
2019-03-27 00:31:38,685 - utils.py - |           0            |            to_concat_skip_model 1 20            |
2019-03-27 00:31:38,685 - utils.py - +--------------------------------------------------------------------------+
2019-03-27 00:31:48,518 - utils.py - New Model Id - 14
2019-03-27 00:31:48,518 - utils.py - 
+--------------------------------------------------------------------------+
2019-03-27 00:31:48,518 - utils.py - |    Father Model ID     |                 Added Operation                 |
2019-03-27 00:31:48,518 - utils.py - +--------------------------------------------------------------------------+
2019-03-27 00:31:48,519 - utils.py - |                        |            to_concat_skip_model 9 10            |
2019-03-27 00:31:48,519 - utils.py - |           0            |              to_add_skip_model 4 6              |
2019-03-27 00:31:48,519 - utils.py - +--------------------------------------------------------------------------+
2019-03-27 00:32:03,904 - utils.py - New Model Id - 15
2019-03-27 00:32:03,904 - utils.py - 
+--------------------------------------------------------------------------+
2019-03-27 00:32:03,904 - utils.py - |    Father Model ID     |                 Added Operation                 |
2019-03-27 00:32:03,904 - utils.py - +--------------------------------------------------------------------------+
2019-03-27 00:32:03,904 - utils.py - |                        |            to_concat_skip_model 8 10            |
2019-03-27 00:32:03,904 - utils.py - |           0            |              to_deeper_model 2 ReLU             |
2019-03-27 00:32:03,904 - utils.py - |                        |              to_add_skip_model 3 19             |
2019-03-27 00:32:03,904 - utils.py - +--------------------------------------------------------------------------+
2019-03-27 00:32:16,735 - utils.py - New Model Id - 16
2019-03-27 00:32:16,735 - utils.py - 
+--------------------------------------------------------------------------+
2019-03-27 00:32:16,735 - utils.py - |    Father Model ID     |                 Added Operation                 |
2019-03-27 00:32:16,735 - utils.py - +--------------------------------------------------------------------------+
2019-03-27 00:32:16,735 - utils.py - |                        |             to_concat_skip_model 1 7            |
2019-03-27 00:32:16,735 - utils.py - |           0            |             to_concat_skip_model 1 4            |
2019-03-27 00:32:16,735 - utils.py - |                        |              to_add_skip_model 1 3              |
2019-03-27 00:32:16,735 - utils.py - +--------------------------------------------------------------------------+
2019-03-27 00:32:26,338 - utils.py - New Model Id - 17
2019-03-27 00:32:26,338 - utils.py - 
+--------------------------------------------------------------------------+
2019-03-27 00:32:26,339 - utils.py - |    Father Model ID     |                 Added Operation                 |
2019-03-27 00:32:26,339 - utils.py - +--------------------------------------------------------------------------+
2019-03-27 00:32:26,339 - utils.py - |                        |              to_add_skip_model 0 3              |
2019-03-27 00:32:26,339 - utils.py - |           0            |             to_concat_skip_model 0 9            |
2019-03-27 00:32:26,339 - utils.py - +--------------------------------------------------------------------------+
2019-03-27 00:32:36,821 - utils.py - New Model Id - 18
2019-03-27 00:32:36,821 - utils.py - 
+--------------------------------------------------------------------------+
2019-03-27 00:32:36,821 - utils.py - |    Father Model ID     |                 Added Operation                 |
2019-03-27 00:32:36,821 - utils.py - +--------------------------------------------------------------------------+
2019-03-27 00:32:36,822 - utils.py - |                        |              to_add_skip_model 7 21             |
2019-03-27 00:32:36,822 - utils.py - |           16           |             to_concat_skip_model 4 8            |
2019-03-27 00:32:36,822 - utils.py - +--------------------------------------------------------------------------+
2019-03-27 00:32:50,476 - utils.py - New Model Id - 19
2019-03-27 00:32:50,476 - utils.py - 
+--------------------------------------------------------------------------+
2019-03-27 00:32:50,476 - utils.py - |    Father Model ID     |                 Added Operation                 |
2019-03-27 00:32:50,476 - utils.py - +--------------------------------------------------------------------------+
2019-03-27 00:32:50,476 - utils.py - |                        |             to_concat_skip_model 1 9            |
2019-03-27 00:32:50,476 - utils.py - |           16           |             to_concat_skip_model 4 5            |
2019-03-27 00:32:50,476 - utils.py - +--------------------------------------------------------------------------+
2019-03-27 00:33:03,762 - utils.py - New Model Id - 20
2019-03-27 00:33:03,762 - utils.py - 
+--------------------------------------------------------------------------+
2019-03-27 00:33:03,762 - utils.py - |    Father Model ID     |                 Added Operation                 |
2019-03-27 00:33:03,762 - utils.py - +--------------------------------------------------------------------------+
2019-03-27 00:33:03,762 - utils.py - |                        |              to_deeper_model 1 ReLU             |
2019-03-27 00:33:03,762 - utils.py - |           16           |              to_add_skip_model 7 21             |
2019-03-27 00:33:03,762 - utils.py - |                        |            to_concat_skip_model 5 32            |
2019-03-27 00:33:03,762 - utils.py - +--------------------------------------------------------------------------+
2019-03-27 00:33:16,159 - utils.py - New Model Id - 21
2019-03-27 00:33:16,159 - utils.py - 
+--------------------------------------------------------------------------+
2019-03-27 00:33:16,159 - utils.py - |    Father Model ID     |                 Added Operation                 |
2019-03-27 00:33:16,159 - utils.py - +--------------------------------------------------------------------------+
2019-03-27 00:33:16,159 - utils.py - |                        |            to_concat_skip_model 26 9            |
2019-03-27 00:33:16,159 - utils.py - |                        |      to_deeper_model 0 BatchNormalization1d     |
2019-03-27 00:33:16,159 - utils.py - |           16           |             to_add_skip_model 25 33             |
2019-03-27 00:33:16,159 - utils.py - |                        |      to_deeper_model 34 Conv1d(5, 5, 5, 1)      |
2019-03-27 00:33:16,159 - utils.py - +--------------------------------------------------------------------------+
2019-03-27 00:33:28,462 - utils.py - New Model Id - 22
2019-03-27 00:33:28,462 - utils.py - 
+--------------------------------------------------------------------------+
2019-03-27 00:33:28,462 - utils.py - |    Father Model ID     |                 Added Operation                 |
2019-03-27 00:33:28,462 - utils.py - +--------------------------------------------------------------------------+
2019-03-27 00:33:28,462 - utils.py - |                        |            to_concat_skip_model 28 4            |
2019-03-27 00:33:28,462 - utils.py - |           16           |              to_add_skip_model 26 4             |
2019-03-27 00:33:28,462 - utils.py - |                        |      to_deeper_model 4 BatchNormalization1d     |
2019-03-27 00:33:28,462 - utils.py - +--------------------------------------------------------------------------+
2019-03-27 00:33:40,187 - utils.py - New Model Id - 23
2019-03-27 00:33:40,187 - utils.py - 
+--------------------------------------------------------------------------+
2019-03-27 00:33:40,187 - utils.py - |    Father Model ID     |                 Added Operation                 |
2019-03-27 00:33:40,187 - utils.py - +--------------------------------------------------------------------------+
2019-03-27 00:33:40,187 - utils.py - |                        |              to_add_skip_model 27 6             |
2019-03-27 00:33:40,187 - utils.py - |           16           |            to_concat_skip_model 26 6            |
2019-03-27 00:33:40,187 - utils.py - |                        |      to_deeper_model 7 Conv1d(64, 64, 1, 1)     |
2019-03-27 00:33:40,187 - utils.py - +--------------------------------------------------------------------------+
2019-03-27 00:33:50,702 - utils.py - New Model Id - 24
2019-03-27 00:33:50,702 - utils.py - 
+--------------------------------------------------------------------------+
2019-03-27 00:33:50,702 - utils.py - |    Father Model ID     |                 Added Operation                 |
2019-03-27 00:33:50,702 - utils.py - +--------------------------------------------------------------------------+
2019-03-27 00:33:50,702 - utils.py - |                        |            to_concat_skip_model 25 7            |
2019-03-27 00:33:50,702 - utils.py - |           16           |            to_concat_skip_model 27 6            |
2019-03-27 00:33:50,702 - utils.py - +--------------------------------------------------------------------------+
2019-03-27 00:34:06,728 - utils.py - New Model Id - 25
2019-03-27 00:34:06,729 - utils.py - 
+--------------------------------------------------------------------------+
2019-03-27 00:34:06,729 - utils.py - |    Father Model ID     |                 Added Operation                 |
2019-03-27 00:34:06,729 - utils.py - +--------------------------------------------------------------------------+
2019-03-27 00:34:06,729 - utils.py - |                        |            to_concat_skip_model 1 28            |
2019-03-27 00:34:06,729 - utils.py - |           16           |            to_concat_skip_model 26 6            |
2019-03-27 00:34:06,729 - utils.py - |                        |     to_deeper_model 33 Conv1d(64, 64, 5, 1)     |
2019-03-27 00:34:06,729 - utils.py - +--------------------------------------------------------------------------+
2019-03-27 00:34:19,273 - utils.py - New Model Id - 26
2019-03-27 00:34:19,273 - utils.py - 
+--------------------------------------------------------------------------+
2019-03-27 00:34:19,273 - utils.py - |    Father Model ID     |                 Added Operation                 |
2019-03-27 00:34:19,273 - utils.py - +--------------------------------------------------------------------------+
2019-03-27 00:34:19,273 - utils.py - |                        |            to_concat_skip_model 25 5            |
2019-03-27 00:34:19,273 - utils.py - |           16           |             to_deeper_model 26 ReLU             |
2019-03-27 00:34:19,273 - utils.py - |                        |      to_deeper_model 33 Conv1d(5, 5, 1, 1)      |
2019-03-27 00:34:19,273 - utils.py - +--------------------------------------------------------------------------+
2019-03-27 00:34:30,331 - utils.py - New Model Id - 27
2019-03-27 00:34:30,332 - utils.py - 
+--------------------------------------------------------------------------+
2019-03-27 00:34:30,332 - utils.py - |    Father Model ID     |                 Added Operation                 |
2019-03-27 00:34:30,332 - utils.py - +--------------------------------------------------------------------------+
2019-03-27 00:34:30,332 - utils.py - |                        |            to_concat_skip_model 25 8            |
2019-03-27 00:34:30,332 - utils.py - |           16           |             to_add_skip_model 27 33             |
2019-03-27 00:34:30,332 - utils.py - |                        |            to_concat_skip_model 25 10           |
2019-03-27 00:34:30,332 - utils.py - +--------------------------------------------------------------------------+
2019-03-27 00:34:46,470 - utils.py - New Model Id - 28
2019-03-27 00:34:46,470 - utils.py - 
+--------------------------------------------------------------------------+
2019-03-27 00:34:46,470 - utils.py - |    Father Model ID     |                 Added Operation                 |
2019-03-27 00:34:46,470 - utils.py - +--------------------------------------------------------------------------+
2019-03-27 00:34:46,470 - utils.py - |                        |            to_concat_skip_model 9 10            |
2019-03-27 00:34:46,470 - utils.py - |           16           |              to_add_skip_model 26 6             |
2019-03-27 00:34:46,471 - utils.py - |                        |            to_concat_skip_model 4 30            |
2019-03-27 00:34:46,471 - utils.py - +--------------------------------------------------------------------------+
2019-03-27 00:34:59,662 - utils.py - New Model Id - 29
2019-03-27 00:34:59,662 - utils.py - 
+--------------------------------------------------------------------------+
2019-03-27 00:34:59,663 - utils.py - |    Father Model ID     |                 Added Operation                 |
2019-03-27 00:34:59,663 - utils.py - +--------------------------------------------------------------------------+
2019-03-27 00:34:59,663 - utils.py - |                        |              to_add_skip_model 5 7              |
2019-03-27 00:34:59,663 - utils.py - |           16           |             to_deeper_model 11 ReLU             |
2019-03-27 00:34:59,663 - utils.py - |                        |     to_deeper_model 11 BatchNormalization1d     |
2019-03-27 00:34:59,663 - utils.py - +--------------------------------------------------------------------------+
2019-03-27 00:35:11,536 - utils.py - New Model Id - 30
2019-03-27 00:35:11,536 - utils.py - 
+--------------------------------------------------------------------------+
2019-03-27 00:35:11,536 - utils.py - |    Father Model ID     |                 Added Operation                 |
2019-03-27 00:35:11,536 - utils.py - +--------------------------------------------------------------------------+
2019-03-27 00:35:11,536 - utils.py - |                        |            to_concat_skip_model 27 4            |
2019-03-27 00:35:11,536 - utils.py - |           16           |            to_concat_skip_model 4 10            |
2019-03-27 00:35:11,536 - utils.py - |                        |     to_deeper_model 28 Conv1d(64, 64, 3, 1)     |
2019-03-27 00:35:11,536 - utils.py - +--------------------------------------------------------------------------+
2019-03-27 00:35:25,882 - utils.py - New Model Id - 31
2019-03-27 00:35:25,882 - utils.py - 
+--------------------------------------------------------------------------+
2019-03-27 00:35:25,883 - utils.py - |    Father Model ID     |                 Added Operation                 |
2019-03-27 00:35:25,883 - utils.py - +--------------------------------------------------------------------------+
2019-03-27 00:35:25,883 - utils.py - |                        |            to_concat_skip_model 25 10           |
2019-03-27 00:35:25,883 - utils.py - |                        |            to_concat_skip_model 27 6            |
2019-03-27 00:35:25,883 - utils.py - |           16           |     to_deeper_model 26 BatchNormalization1d     |
2019-03-27 00:35:25,883 - utils.py - |                        |               to_wider_model 21 64              |
2019-03-27 00:35:25,883 - utils.py - +--------------------------------------------------------------------------+
2019-03-27 00:35:37,940 - utils.py - New Model Id - 32
2019-03-27 00:35:37,940 - utils.py - 
+--------------------------------------------------------------------------+
2019-03-27 00:35:37,940 - utils.py - |    Father Model ID     |                 Added Operation                 |
2019-03-27 00:35:37,940 - utils.py - +--------------------------------------------------------------------------+
2019-03-27 00:35:37,940 - utils.py - |                        |             to_concat_skip_model 6 8            |
2019-03-27 00:35:37,940 - utils.py - |           16           |             to_concat_skip_model 0 7            |
2019-03-27 00:35:37,940 - utils.py - |                        |      to_deeper_model 4 Conv1d(64, 64, 5, 1)     |
2019-03-27 00:35:37,940 - utils.py - +--------------------------------------------------------------------------+
2019-03-27 00:35:50,365 - utils.py - New Model Id - 33
2019-03-27 00:35:50,365 - utils.py - 
+--------------------------------------------------------------------------+
2019-03-27 00:35:50,365 - utils.py - |    Father Model ID     |                 Added Operation                 |
2019-03-27 00:35:50,365 - utils.py - +--------------------------------------------------------------------------+
2019-03-27 00:35:50,365 - utils.py - |                        |            to_concat_skip_model 26 4            |
2019-03-27 00:35:50,365 - utils.py - |                        |      to_deeper_model 0 BatchNormalization1d     |
2019-03-27 00:35:50,366 - utils.py - |           16           |              to_deeper_model 5 ReLU             |
2019-03-27 00:35:50,366 - utils.py - |                        |             to_concat_skip_model 4 5            |
2019-03-27 00:35:50,366 - utils.py - +--------------------------------------------------------------------------+
2019-03-27 00:36:07,006 - utils.py - New Model Id - 34
2019-03-27 00:36:07,007 - utils.py - 
+--------------------------------------------------------------------------+
2019-03-27 00:36:07,007 - utils.py - |    Father Model ID     |                 Added Operation                 |
2019-03-27 00:36:07,007 - utils.py - +--------------------------------------------------------------------------+
2019-03-27 00:36:07,007 - utils.py - |                        |            to_concat_skip_model 28 10           |
2019-03-27 00:36:07,007 - utils.py - |                        |              to_add_skip_model 1 33             |
2019-03-27 00:36:07,007 - utils.py - |           16           |      to_deeper_model 8 BatchNormalization1d     |
2019-03-27 00:36:07,007 - utils.py - |                        |              to_add_skip_model 0 27             |
2019-03-27 00:36:07,007 - utils.py - +--------------------------------------------------------------------------+
2019-03-27 00:36:22,255 - utils.py - New Model Id - 35
2019-03-27 00:36:22,255 - utils.py - 
+--------------------------------------------------------------------------+
2019-03-27 00:36:22,255 - utils.py - |    Father Model ID     |                 Added Operation                 |
2019-03-27 00:36:22,255 - utils.py - +--------------------------------------------------------------------------+
2019-03-27 00:36:22,255 - utils.py - |                        |              to_add_skip_model 1 6              |
2019-03-27 00:36:22,255 - utils.py - |           16           |            to_concat_skip_model 26 8            |
2019-03-27 00:36:22,255 - utils.py - |                        |              to_add_skip_model 1 26             |
2019-03-27 00:36:22,255 - utils.py - +--------------------------------------------------------------------------+
2019-03-27 00:36:34,626 - utils.py - New Model Id - 36
2019-03-27 00:36:34,626 - utils.py - 
+--------------------------------------------------------------------------+
2019-03-27 00:36:34,626 - utils.py - |    Father Model ID     |                 Added Operation                 |
2019-03-27 00:36:34,626 - utils.py - +--------------------------------------------------------------------------+
2019-03-27 00:36:34,626 - utils.py - |                        |            to_concat_skip_model 26 9            |
2019-03-27 00:36:34,627 - utils.py - |           16           |            to_concat_skip_model 1 28            |
2019-03-27 00:36:34,627 - utils.py - |                        |     to_deeper_model 27 BatchNormalization1d     |
2019-03-27 00:36:34,627 - utils.py - +--------------------------------------------------------------------------+
2019-03-27 00:36:46,776 - utils.py - New Model Id - 37
2019-03-27 00:36:46,776 - utils.py - 
+--------------------------------------------------------------------------+
2019-03-27 00:36:46,776 - utils.py - |    Father Model ID     |                 Added Operation                 |
2019-03-27 00:36:46,776 - utils.py - +--------------------------------------------------------------------------+
2019-03-27 00:36:46,776 - utils.py - |                        |            to_concat_skip_model 0 27            |
2019-03-27 00:36:46,776 - utils.py - |           16           |              to_add_skip_model 27 4             |
2019-03-27 00:36:46,776 - utils.py - |                        |               to_wider_model 6 64               |
2019-03-27 00:36:46,776 - utils.py - +--------------------------------------------------------------------------+
2019-03-27 00:37:02,341 - utils.py - New Model Id - 38
2019-03-27 00:37:02,342 - utils.py - 
+--------------------------------------------------------------------------+
2019-03-27 00:37:02,342 - utils.py - |    Father Model ID     |                 Added Operation                 |
2019-03-27 00:37:02,342 - utils.py - +--------------------------------------------------------------------------+
2019-03-27 00:37:02,342 - utils.py - |                        |            to_concat_skip_model 26 7            |
2019-03-27 00:37:02,342 - utils.py - |                        |      to_deeper_model 26 Conv1d(5, 5, 5, 1)      |
2019-03-27 00:37:02,342 - utils.py - |           16           |     to_deeper_model 27 BatchNormalization1d     |
2019-03-27 00:37:02,342 - utils.py - |                        |      to_deeper_model 0 BatchNormalization1d     |
2019-03-27 00:37:02,342 - utils.py - +--------------------------------------------------------------------------+
